Using pre-set license
Built from '2021.3/staging' branch; Version is '2021.3.23f1 (213b516bf396) revision 2177873'; Using compiler version '192829333'; Build Type 'Release'
OS: 'Windows 10  (10.0.19042) 64bit Professional' Language: 'ko' Physical Memory: 8125 MB
BatchMode: 1, IsHumanControllingUs: 0, StartBugReporterOnCrash: 0, Is64bit: 1, IsPro: 1

COMMAND LINE ARGUMENTS:
C:\Users\ADMIN\Desktop\Unity Hub\Unity 2021.3.23f1\Editor\Unity.exe
-adb2
-batchMode
-noUpm
-name
AssetImportWorker4
-projectPath
C:/Users/ADMIN/Desktop/galaga file/team2/Galaga
-logFile
Logs/AssetImportWorker4.log
-srvPort
3130
Successfully changed project path to: C:/Users/ADMIN/Desktop/galaga file/team2/Galaga
C:/Users/ADMIN/Desktop/galaga file/team2/Galaga
[UnityMemory] Configuration Parameters - Can be set up in boot.config
    "memorysetup-bucket-allocator-granularity=16"
    "memorysetup-bucket-allocator-bucket-count=8"
    "memorysetup-bucket-allocator-block-size=33554432"
    "memorysetup-bucket-allocator-block-count=8"
    "memorysetup-main-allocator-block-size=16777216"
    "memorysetup-thread-allocator-block-size=16777216"
    "memorysetup-gfx-main-allocator-block-size=16777216"
    "memorysetup-gfx-thread-allocator-block-size=16777216"
    "memorysetup-cache-allocator-block-size=4194304"
    "memorysetup-typetree-allocator-block-size=2097152"
    "memorysetup-profiler-bucket-allocator-granularity=16"
    "memorysetup-profiler-bucket-allocator-bucket-count=8"
    "memorysetup-profiler-bucket-allocator-block-size=33554432"
    "memorysetup-profiler-bucket-allocator-block-count=8"
    "memorysetup-profiler-allocator-block-size=16777216"
    "memorysetup-profiler-editor-allocator-block-size=1048576"
    "memorysetup-temp-allocator-size-main=16777216"
    "memorysetup-job-temp-allocator-block-size=2097152"
    "memorysetup-job-temp-allocator-block-size-background=1048576"
    "memorysetup-job-temp-allocator-reduction-small-platforms=262144"
    "memorysetup-temp-allocator-size-background-worker=32768"
    "memorysetup-temp-allocator-size-job-worker=262144"
    "memorysetup-temp-allocator-size-preload-manager=33554432"
    "memorysetup-temp-allocator-size-nav-mesh-worker=65536"
    "memorysetup-temp-allocator-size-audio-worker=65536"
    "memorysetup-temp-allocator-size-cloud-worker=32768"
    "memorysetup-temp-allocator-size-gi-baking-worker=262144"
    "memorysetup-temp-allocator-size-gfx=262144"
Player connection [16576] Host "[IP] 192.168.219.101 [Port] 0 [Flags] 2 [Guid] 959942916 [EditorId] 959942916 [Version] 1048832 [Id] WindowsEditor(7,DESKTOP-DF1IU6G) [Debug] 1 [PackageName] WindowsEditor [ProjectName] Editor" joined multi-casting on [225.0.0.222:54997]...

Player connection [16576] Host "[IP] 192.168.219.101 [Port] 0 [Flags] 2 [Guid] 959942916 [EditorId] 959942916 [Version] 1048832 [Id] WindowsEditor(7,DESKTOP-DF1IU6G) [Debug] 1 [PackageName] WindowsEditor [ProjectName] Editor" joined alternative multi-casting on [225.0.0.222:34997]...

Refreshing native plugins compatible for Editor in 142.96 ms, found 4 plugins.
Preloading 0 native plugins for Editor in 0.00 ms.
Initialize engine version: 2021.3.23f1 (213b516bf396)
[Subsystems] Discovering subsystems at path C:/Users/ADMIN/Desktop/Unity Hub/Unity 2021.3.23f1/Editor/Data/Resources/UnitySubsystems
[Subsystems] Discovering subsystems at path C:/Users/ADMIN/Desktop/galaga file/team2/Galaga/Assets
GfxDevice: creating device client; threaded=0; jobified=0
Direct3D:
    Version:  Direct3D 11.0 [level 11.1]
    Renderer: NVIDIA GeForce GTX 1660 SUPER (ID=0x21c4)
    Vendor:   NVIDIA
    VRAM:     5991 MB
    Driver:   27.21.14.6140
Initialize mono
Mono path[0] = 'C:/Users/ADMIN/Desktop/Unity Hub/Unity 2021.3.23f1/Editor/Data/Managed'
Mono path[1] = 'C:/Users/ADMIN/Desktop/Unity Hub/Unity 2021.3.23f1/Editor/Data/MonoBleedingEdge/lib/mono/unityjit-win32'
Mono config path = 'C:/Users/ADMIN/Desktop/Unity Hub/Unity 2021.3.23f1/Editor/Data/MonoBleedingEdge/etc'
Using monoOptions --debugger-agent=transport=dt_socket,embedding=1,server=y,suspend=n,address=127.0.0.1:56040
Begin MonoManager ReloadAssembly
Registering precompiled unity dll's ...
Register platform support module: C:/Users/ADMIN/Desktop/Unity Hub/Unity 2021.3.23f1/Editor/Data/PlaybackEngines/WindowsStandaloneSupport/UnityEditor.WindowsStandalone.Extensions.dll
Registered in 0.006709 seconds.
Native extension for WindowsStandalone target not found
Refreshing native plugins compatible for Editor in 91.88 ms, found 4 plugins.
Preloading 0 native plugins for Editor in 0.00 ms.
Mono: successfully reloaded assembly
- Completed reload, in  0.619 seconds
Domain Reload Profiling:
	ReloadAssembly (621ms)
		BeginReloadAssembly (84ms)
			ExecutionOrderSort (0ms)
			DisableScriptedObjects (0ms)
			BackupInstance (0ms)
			ReleaseScriptingObjects (0ms)
			CreateAndSetChildDomain (1ms)
		EndReloadAssembly (441ms)
			LoadAssemblies (81ms)
			RebuildTransferFunctionScriptingTraits (0ms)
			SetupTypeCache (91ms)
			ReleaseScriptCaches (0ms)
			RebuildScriptCaches (31ms)
			SetupLoadedEditorAssemblies (271ms)
				LogAssemblyErrors (0ms)
				InitializePlatformSupportModulesInManaged (8ms)
				SetLoadedEditorAssemblies (0ms)
				RefreshPlugins (92ms)
				BeforeProcessingInitializeOnLoad (1ms)
				ProcessInitializeOnLoadAttributes (115ms)
				ProcessInitializeOnLoadMethodAttributes (55ms)
				AfterProcessingInitializeOnLoad (0ms)
				EditorAssembliesLoaded (0ms)
			ExecutionOrderSort2 (0ms)
			AwakeInstancesAfterBackupRestoration (0ms)
Platform modules already initialized, skipping
Registering precompiled user dll's ...
Registered in 0.008036 seconds.
Begin MonoManager ReloadAssembly
Native extension for WindowsStandalone target not found
Refreshing native plugins compatible for Editor in 88.07 ms, found 4 plugins.
Preloading 0 native plugins for Editor in 0.00 ms.
Mono: successfully reloaded assembly
- Completed reload, in  1.020 seconds
Domain Reload Profiling:
	ReloadAssembly (1021ms)
		BeginReloadAssembly (124ms)
			ExecutionOrderSort (0ms)
			DisableScriptedObjects (6ms)
			BackupInstance (0ms)
			ReleaseScriptingObjects (0ms)
			CreateAndSetChildDomain (17ms)
		EndReloadAssembly (792ms)
			LoadAssemblies (89ms)
			RebuildTransferFunctionScriptingTraits (0ms)
			SetupTypeCache (206ms)
			ReleaseScriptCaches (1ms)
			RebuildScriptCaches (48ms)
			SetupLoadedEditorAssemblies (414ms)
				LogAssemblyErrors (0ms)
				InitializePlatformSupportModulesInManaged (4ms)
				SetLoadedEditorAssemblies (0ms)
				RefreshPlugins (88ms)
				BeforeProcessingInitializeOnLoad (91ms)
				ProcessInitializeOnLoadAttributes (191ms)
				ProcessInitializeOnLoadMethodAttributes (30ms)
				AfterProcessingInitializeOnLoad (9ms)
				EditorAssembliesLoaded (0ms)
			ExecutionOrderSort2 (0ms)
			AwakeInstancesAfterBackupRestoration (10ms)
Platform modules already initialized, skipping
========================================================================
Worker process is ready to serve import requests
Launched and connected shader compiler UnityShaderCompiler.exe after 0.04 seconds
Refreshing native plugins compatible for Editor in 0.76 ms, found 4 plugins.
Preloading 0 native plugins for Editor in 0.00 ms.
Unloading 3735 Unused Serialized files (Serialized files now loaded: 0)
Unloading 41 unused Assets / (229.2 KB). Loaded Objects now: 4189.
Memory consumption went from 142.7 MB to 142.5 MB.
Total: 3.060300 ms (FindLiveObjects: 0.296000 ms CreateObjectMapping: 0.113600 ms MarkObjects: 2.494200 ms  DeleteObjects: 0.155500 ms)

AssetImportParameters requested are different than current active one (requested -> active):
  custom:video-decoder-ogg-theora: a1e56fd34408186e4bbccfd4996cb3dc -> 
  custom:container-muxer-webm: aa71ff27fc2769a1b78a27578f13a17b -> 
  custom:container-demuxer-webm: 4f35f7cbe854078d1ac9338744f61a02 -> 
  custom:video-encoder-webm-vp8: eb34c28f22e8b96e1ab97ce403110664 -> 
  custom:audio-encoder-webm-vorbis: bf7c407c2cedff20999df2af8eb42d56 -> 
  custom:framework-win-MediaFoundation: 216162199b28c13a410421893ffa2e32 -> 
  custom:container-demuxer-ogg: 62fdf1f143b41e24485cea50d1cbac27 -> 
  custom:video-decoder-webm-vp8: 9c59270c3fd7afecdb556c50c9e8de78 -> 
  custom:audio-decoder-ogg-vorbis: bf7c407c2cedff20999df2af8eb42d56 -> 
========================================================================
Received Import Request.
  Time since last request: 370651.470799 seconds.
  path: Assets/SFS_PixelPlanets/Documentation.txt
  artifactKey: Guid(97bf2f2205be6ec409dd7a49d4fbe6de) Importer(815301076,1909f56bfc062723c751e8b465ee728b)
Start importing Assets/SFS_PixelPlanets/Documentation.txt using Guid(97bf2f2205be6ec409dd7a49d4fbe6de) Importer(815301076,1909f56bfc062723c751e8b465ee728b)  -> (artifact id: '2d1f4ff5ec7326030f7e4eae9a0cfa24') in 0.038415 seconds 
========================================================================
Received Import Request.
  Time since last request: 13.772588 seconds.
  path: Assets/SFS_PixelPlanets/Textures
  artifactKey: Guid(2155ff0edb4c1d943ba4a95316ea479f) Importer(815301076,1909f56bfc062723c751e8b465ee728b)
Start importing Assets/SFS_PixelPlanets/Textures using Guid(2155ff0edb4c1d943ba4a95316ea479f) Importer(815301076,1909f56bfc062723c751e8b465ee728b)  -> (artifact id: '08fa9aaf685173a2d1efa26ae03a4b1d') in 0.002280 seconds 
========================================================================
Received Import Request.
  Time since last request: 0.510561 seconds.
  path: Assets/SFS_PixelPlanets/Prefabs
  artifactKey: Guid(174c9eaf0292f4c4f81daa029fc634f3) Importer(815301076,1909f56bfc062723c751e8b465ee728b)
Start importing Assets/SFS_PixelPlanets/Prefabs using Guid(174c9eaf0292f4c4f81daa029fc634f3) Importer(815301076,1909f56bfc062723c751e8b465ee728b)  -> (artifact id: '25fd3c7114a61c88240b0b4c9ee2d049') in 0.001671 seconds 
========================================================================
Received Import Request.
  Time since last request: 0.359466 seconds.
  path: Assets/SFS_PixelPlanets/Demo
  artifactKey: Guid(412b893a15c640841a7f7c05030bca90) Importer(815301076,1909f56bfc062723c751e8b465ee728b)
Start importing Assets/SFS_PixelPlanets/Demo using Guid(412b893a15c640841a7f7c05030bca90) Importer(815301076,1909f56bfc062723c751e8b465ee728b)  -> (artifact id: 'bfc8400e5d9eb38d115cfe50b31d011d') in 0.001638 seconds 
========================================================================
Received Import Request.
  Time since last request: 0.419355 seconds.
  path: Assets/SFS_PixelPlanets/Animation
  artifactKey: Guid(1de543ce8e408af48977c2efac415d0d) Importer(815301076,1909f56bfc062723c751e8b465ee728b)
Start importing Assets/SFS_PixelPlanets/Animation using Guid(1de543ce8e408af48977c2efac415d0d) Importer(815301076,1909f56bfc062723c751e8b465ee728b)  -> (artifact id: 'e85024a14e2641f7b9d89ccbb480a17e') in 0.001810 seconds 
========================================================================
Received Import Request.
  Time since last request: 5.910120 seconds.
  path: Assets/Scenes/kenney_space-shooter-redux/preview.png
  artifactKey: Guid(2bf923abfaec4094abf01beedb227142) Importer(815301076,1909f56bfc062723c751e8b465ee728b)
Start importing Assets/Scenes/kenney_space-shooter-redux/preview.png using Guid(2bf923abfaec4094abf01beedb227142) Importer(815301076,1909f56bfc062723c751e8b465ee728b)  -> (artifact id: '312c36acfa5da490815f0cd861b3b6d5') in 0.143567 seconds 
========================================================================
Received Import Request.
  Time since last request: 1.620982 seconds.
  path: Assets/Scenes/kenney_space-shooter-redux/PNG
  artifactKey: Guid(8aa415157856497468d16f04d623a053) Importer(815301076,1909f56bfc062723c751e8b465ee728b)
Start importing Assets/Scenes/kenney_space-shooter-redux/PNG using Guid(8aa415157856497468d16f04d623a053) Importer(815301076,1909f56bfc062723c751e8b465ee728b)  -> (artifact id: 'a8fe256672dd2362388db0ebcb235d65') in 0.001653 seconds 
========================================================================
Received Import Request.
  Time since last request: 0.028443 seconds.
  path: Assets/Scenes/kenney_space-shooter-redux/PNG/playerShip1_blue.png
  artifactKey: Guid(4c52c4ffd7076aa41afbb5e52fb0a875) Importer(815301076,1909f56bfc062723c751e8b465ee728b)
Start importing Assets/Scenes/kenney_space-shooter-redux/PNG/playerShip1_blue.png using Guid(4c52c4ffd7076aa41afbb5e52fb0a875) Importer(815301076,1909f56bfc062723c751e8b465ee728b)  -> (artifact id: '50fe1ad6a87d97b971b350911cb2d461') in 0.013676 seconds 
========================================================================
Received Import Request.
  Time since last request: 0.000018 seconds.
  path: Assets/Scenes/kenney_space-shooter-redux/PNG/ufoGreen.png
  artifactKey: Guid(f9bfa2e001291654589f29e3f3cd09ea) Importer(815301076,1909f56bfc062723c751e8b465ee728b)
Start importing Assets/Scenes/kenney_space-shooter-redux/PNG/ufoGreen.png using Guid(f9bfa2e001291654589f29e3f3cd09ea) Importer(815301076,1909f56bfc062723c751e8b465ee728b)  -> (artifact id: 'ca759ff17d54471329fa43bfccc5b0f5') in 0.028315 seconds 
========================================================================
Received Import Request.
  Time since last request: 0.000026 seconds.
  path: Assets/Scenes/kenney_space-shooter-redux/PNG/ufoYellow.png
  artifactKey: Guid(7b9a1ae5fba0baf47999cda6c66e5c1f) Importer(815301076,1909f56bfc062723c751e8b465ee728b)
Start importing Assets/Scenes/kenney_space-shooter-redux/PNG/ufoYellow.png using Guid(7b9a1ae5fba0baf47999cda6c66e5c1f) Importer(815301076,1909f56bfc062723c751e8b465ee728b)  -> (artifact id: '18fb71144dc9465dd6555e8d412c220a') in 0.015076 seconds 
========================================================================
Received Import Request.
  Time since last request: 0.000032 seconds.
  path: Assets/Scenes/kenney_space-shooter-redux/PNG/playerShip3_red.png
  artifactKey: Guid(4b71cac9c3440a344b5574ed0838a5ad) Importer(815301076,1909f56bfc062723c751e8b465ee728b)
Start importing Assets/Scenes/kenney_space-shooter-redux/PNG/playerShip3_red.png using Guid(4b71cac9c3440a344b5574ed0838a5ad) Importer(815301076,1909f56bfc062723c751e8b465ee728b)  -> (artifact id: '66190c8a1e4e3f209c9f721d82d5804f') in 0.024576 seconds 
========================================================================
Received Import Request.
  Time since last request: 0.000017 seconds.
  path: Assets/Scenes/kenney_space-shooter-redux/PNG/playerShip3_green.png
  artifactKey: Guid(f6fc6a538cbad7f4f88565eefe097929) Importer(815301076,1909f56bfc062723c751e8b465ee728b)
Start importing Assets/Scenes/kenney_space-shooter-redux/PNG/playerShip3_green.png using Guid(f6fc6a538cbad7f4f88565eefe097929) Importer(815301076,1909f56bfc062723c751e8b465ee728b)  -> (artifact id: 'fa22e6b53699b18284bc4865b1528816') in 0.017829 seconds 
========================================================================
Received Import Request.
  Time since last request: 0.000024 seconds.
  path: Assets/Scenes/kenney_space-shooter-redux/PNG/playerShip2_orange.png
  artifactKey: Guid(f8805fbd2b9c8cc47ac545750fdc0133) Importer(815301076,1909f56bfc062723c751e8b465ee728b)
Start importing Assets/Scenes/kenney_space-shooter-redux/PNG/playerShip2_orange.png using Guid(f8805fbd2b9c8cc47ac545750fdc0133) Importer(815301076,1909f56bfc062723c751e8b465ee728b)  -> (artifact id: '630f19bdee3065bf2841e0433c86222d') in 0.014253 seconds 
========================================================================
Received Import Request.
  Time since last request: 16.523680 seconds.
  path: Assets/Scenes/kenney_space-shooter-redux/Backgrounds/black.png
  artifactKey: Guid(b80c8fe3487c3924487e4e627bfaf925) Importer(815301076,1909f56bfc062723c751e8b465ee728b)
Start importing Assets/Scenes/kenney_space-shooter-redux/Backgrounds/black.png using Guid(b80c8fe3487c3924487e4e627bfaf925) Importer(815301076,1909f56bfc062723c751e8b465ee728b)  -> (artifact id: '5c835624bf80b304254338aa3ccfb39c') in 0.014931 seconds 
========================================================================
Received Import Request.
  Time since last request: 0.000018 seconds.
  path: Assets/Scenes/kenney_space-shooter-redux/Backgrounds/purple.png
  artifactKey: Guid(a20dce111a83a1649860add7ca1902ad) Importer(815301076,1909f56bfc062723c751e8b465ee728b)
Start importing Assets/Scenes/kenney_space-shooter-redux/Backgrounds/purple.png using Guid(a20dce111a83a1649860add7ca1902ad) Importer(815301076,1909f56bfc062723c751e8b465ee728b)  -> (artifact id: '64f42d3dd3128037620bfe0a5c56cbb8') in 0.011257 seconds 
========================================================================
Received Import Request.
  Time since last request: 0.455930 seconds.
  path: Assets/Scenes/kenney_space-shooter-redux/Bonus/kenvector_future.ttf
  artifactKey: Guid(436dd5ce985523c4cb775c4724d97be2) Importer(815301076,1909f56bfc062723c751e8b465ee728b)
Start importing Assets/Scenes/kenney_space-shooter-redux/Bonus/kenvector_future.ttf using Guid(436dd5ce985523c4cb775c4724d97be2) Importer(815301076,1909f56bfc062723c751e8b465ee728b)  -> (artifact id: 'ba60e7d3f021853a6bd8c9fecbe3d2d9') in 0.036671 seconds 
========================================================================
Received Import Request.
  Time since last request: 0.000024 seconds.
  path: Assets/Scenes/kenney_space-shooter-redux/Bonus/sfx_shieldDown.ogg
  artifactKey: Guid(1ab9d643cfddb0849acd2b571653ce45) Importer(815301076,1909f56bfc062723c751e8b465ee728b)
Start importing Assets/Scenes/kenney_space-shooter-redux/Bonus/sfx_shieldDown.ogg using Guid(1ab9d643cfddb0849acd2b571653ce45) Importer(815301076,1909f56bfc062723c751e8b465ee728b)  -> (artifact id: '723a7bb4d218d060b31e703fcc236cd8') in 0.038813 seconds 
========================================================================
Received Prepare
Registering precompiled user dll's ...
Registered in 0.010017 seconds.
Begin MonoManager ReloadAssembly
Native extension for WindowsStandalone target not found
Refreshing native plugins compatible for Editor in 0.76 ms, found 4 plugins.
Preloading 0 native plugins for Editor in 0.00 ms.
Mono: successfully reloaded assembly
- Completed reload, in  1.025 seconds
Domain Reload Profiling:
	ReloadAssembly (1026ms)
		BeginReloadAssembly (151ms)
			ExecutionOrderSort (0ms)
			DisableScriptedObjects (5ms)
			BackupInstance (0ms)
			ReleaseScriptingObjects (0ms)
			CreateAndSetChildDomain (40ms)
		EndReloadAssembly (769ms)
			LoadAssemblies (106ms)
			RebuildTransferFunctionScriptingTraits (0ms)
			SetupTypeCache (262ms)
			ReleaseScriptCaches (2ms)
			RebuildScriptCaches (45ms)
			SetupLoadedEditorAssemblies (323ms)
				LogAssemblyErrors (0ms)
				InitializePlatformSupportModulesInManaged (6ms)
				SetLoadedEditorAssemblies (0ms)
				RefreshPlugins (1ms)
				BeforeProcessingInitializeOnLoad (84ms)
				ProcessInitializeOnLoadAttributes (189ms)
				ProcessInitializeOnLoadMethodAttributes (34ms)
				AfterProcessingInitializeOnLoad (9ms)
				EditorAssembliesLoaded (0ms)
			ExecutionOrderSort2 (0ms)
			AwakeInstancesAfterBackupRestoration (12ms)
Platform modules already initialized, skipping
Refreshing native plugins compatible for Editor in 2.54 ms, found 4 plugins.
Preloading 0 native plugins for Editor in 0.00 ms.
Unloading 3730 Unused Serialized files (Serialized files now loaded: 0)
Unloading 28 unused Assets / (195.6 KB). Loaded Objects now: 4253.
Memory consumption went from 147.1 MB to 146.9 MB.
Total: 3.733100 ms (FindLiveObjects: 0.363500 ms CreateObjectMapping: 0.098400 ms MarkObjects: 3.039400 ms  DeleteObjects: 0.230800 ms)

AssetImportParameters requested are different than current active one (requested -> active):
  custom:video-decoder-ogg-theora: a1e56fd34408186e4bbccfd4996cb3dc -> 
  custom:container-muxer-webm: aa71ff27fc2769a1b78a27578f13a17b -> 
  custom:container-demuxer-webm: 4f35f7cbe854078d1ac9338744f61a02 -> 
  custom:video-encoder-webm-vp8: eb34c28f22e8b96e1ab97ce403110664 -> 
  custom:audio-encoder-webm-vorbis: bf7c407c2cedff20999df2af8eb42d56 -> 
  custom:framework-win-MediaFoundation: 216162199b28c13a410421893ffa2e32 -> 
  custom:container-demuxer-ogg: 62fdf1f143b41e24485cea50d1cbac27 -> 
  custom:video-decoder-webm-vp8: 9c59270c3fd7afecdb556c50c9e8de78 -> 
  custom:audio-decoder-ogg-vorbis: bf7c407c2cedff20999df2af8eb42d56 -> 
