Using pre-set license
Built from '2021.3/staging' branch; Version is '2021.3.23f1 (213b516bf396) revision 2177873'; Using compiler version '192829333'; Build Type 'Release'
OS: 'Windows 11  (10.0.22621) 64bit Professional' Language: 'ko' Physical Memory: 16327 MB
BatchMode: 1, IsHumanControllingUs: 0, StartBugReporterOnCrash: 0, Is64bit: 1, IsPro: 1

COMMAND LINE ARGUMENTS:
C:\Program Files\Unity\Hub\Editor\2021.3.23f1\Editor\Unity.exe
-adb2
-batchMode
-noUpm
-name
AssetImportWorker3
-projectPath
D:/Unity/team2/Galaga
-logFile
Logs/AssetImportWorker3.log
-srvPort
1746
Successfully changed project path to: D:/Unity/team2/Galaga
D:/Unity/team2/Galaga
[UnityMemory] Configuration Parameters - Can be set up in boot.config
    "memorysetup-bucket-allocator-granularity=16"
    "memorysetup-bucket-allocator-bucket-count=8"
    "memorysetup-bucket-allocator-block-size=33554432"
    "memorysetup-bucket-allocator-block-count=8"
    "memorysetup-main-allocator-block-size=16777216"
    "memorysetup-thread-allocator-block-size=16777216"
    "memorysetup-gfx-main-allocator-block-size=16777216"
    "memorysetup-gfx-thread-allocator-block-size=16777216"
    "memorysetup-cache-allocator-block-size=4194304"
    "memorysetup-typetree-allocator-block-size=2097152"
    "memorysetup-profiler-bucket-allocator-granularity=16"
    "memorysetup-profiler-bucket-allocator-bucket-count=8"
    "memorysetup-profiler-bucket-allocator-block-size=33554432"
    "memorysetup-profiler-bucket-allocator-block-count=8"
    "memorysetup-profiler-allocator-block-size=16777216"
    "memorysetup-profiler-editor-allocator-block-size=1048576"
    "memorysetup-temp-allocator-size-main=16777216"
    "memorysetup-job-temp-allocator-block-size=2097152"
    "memorysetup-job-temp-allocator-block-size-background=1048576"
    "memorysetup-job-temp-allocator-reduction-small-platforms=262144"
    "memorysetup-temp-allocator-size-background-worker=32768"
    "memorysetup-temp-allocator-size-job-worker=262144"
    "memorysetup-temp-allocator-size-preload-manager=33554432"
    "memorysetup-temp-allocator-size-nav-mesh-worker=65536"
    "memorysetup-temp-allocator-size-audio-worker=65536"
    "memorysetup-temp-allocator-size-cloud-worker=32768"
    "memorysetup-temp-allocator-size-gi-baking-worker=262144"
    "memorysetup-temp-allocator-size-gfx=262144"
Player connection [22068] Host "[IP] 192.168.0.36 [Port] 0 [Flags] 2 [Guid] 3956345126 [EditorId] 3956345126 [Version] 1048832 [Id] WindowsEditor(7,신현진컴퓨터1) [Debug] 1 [PackageName] WindowsEditor [ProjectName] Editor" joined multi-casting on [225.0.0.222:54997]...

Player connection [22068] Host "[IP] 192.168.0.36 [Port] 0 [Flags] 2 [Guid] 3956345126 [EditorId] 3956345126 [Version] 1048832 [Id] WindowsEditor(7,신현진컴퓨터1) [Debug] 1 [PackageName] WindowsEditor [ProjectName] Editor" joined alternative multi-casting on [225.0.0.222:34997]...

Refreshing native plugins compatible for Editor in 110.83 ms, found 4 plugins.
Preloading 0 native plugins for Editor in 0.00 ms.
Initialize engine version: 2021.3.23f1 (213b516bf396)
[Subsystems] Discovering subsystems at path C:/Program Files/Unity/Hub/Editor/2021.3.23f1/Editor/Data/Resources/UnitySubsystems
[Subsystems] Discovering subsystems at path D:/Unity/team2/Galaga/Assets
GfxDevice: creating device client; threaded=0; jobified=0
Direct3D:
    Version:  Direct3D 11.0 [level 11.1]
    Renderer: NVIDIA GeForce RTX 3060 Ti (ID=0x2489)
    Vendor:   NVIDIA
    VRAM:     8050 MB
    Driver:   30.0.15.1165
Initialize mono
Mono path[0] = 'C:/Program Files/Unity/Hub/Editor/2021.3.23f1/Editor/Data/Managed'
Mono path[1] = 'C:/Program Files/Unity/Hub/Editor/2021.3.23f1/Editor/Data/MonoBleedingEdge/lib/mono/unityjit-win32'
Mono config path = 'C:/Program Files/Unity/Hub/Editor/2021.3.23f1/Editor/Data/MonoBleedingEdge/etc'
Using monoOptions --debugger-agent=transport=dt_socket,embedding=1,server=y,suspend=n,address=127.0.0.1:56288
Begin MonoManager ReloadAssembly
Registering precompiled unity dll's ...
Register platform support module: C:/Program Files/Unity/Hub/Editor/2021.3.23f1/Editor/Data/PlaybackEngines/WindowsStandaloneSupport/UnityEditor.WindowsStandalone.Extensions.dll
Registered in 0.012729 seconds.
Native extension for WindowsStandalone target not found
Refreshing native plugins compatible for Editor in 74.14 ms, found 4 plugins.
Preloading 0 native plugins for Editor in 0.00 ms.
Mono: successfully reloaded assembly
- Completed reload, in  0.576 seconds
Domain Reload Profiling:
	ReloadAssembly (576ms)
		BeginReloadAssembly (98ms)
			ExecutionOrderSort (0ms)
			DisableScriptedObjects (0ms)
			BackupInstance (0ms)
			ReleaseScriptingObjects (0ms)
			CreateAndSetChildDomain (1ms)
		EndReloadAssembly (374ms)
			LoadAssemblies (94ms)
			RebuildTransferFunctionScriptingTraits (0ms)
			SetupTypeCache (85ms)
			ReleaseScriptCaches (0ms)
			RebuildScriptCaches (20ms)
			SetupLoadedEditorAssemblies (220ms)
				LogAssemblyErrors (0ms)
				InitializePlatformSupportModulesInManaged (9ms)
				SetLoadedEditorAssemblies (0ms)
				RefreshPlugins (74ms)
				BeforeProcessingInitializeOnLoad (1ms)
				ProcessInitializeOnLoadAttributes (94ms)
				ProcessInitializeOnLoadMethodAttributes (42ms)
				AfterProcessingInitializeOnLoad (0ms)
				EditorAssembliesLoaded (0ms)
			ExecutionOrderSort2 (0ms)
			AwakeInstancesAfterBackupRestoration (0ms)
Platform modules already initialized, skipping
Registering precompiled user dll's ...
Registered in 0.008329 seconds.
Begin MonoManager ReloadAssembly
Symbol file LoadedFromMemory doesn't match image D:\Unity\team2\Galaga\Library\PackageCache\com.unity.visualscripting@1.8.0\Editor\VisualScripting.Core\Dependencies\YamlDotNet\Unity.VisualScripting.YamlDotNet.dll
Symbol file LoadedFromMemory doesn't match image D:\Unity\team2\Galaga\Library\PackageCache\com.unity.visualscripting@1.8.0\Editor\VisualScripting.Core\Dependencies\DotNetZip\Unity.VisualScripting.IonicZip.dll
Native extension for WindowsStandalone target not found
Refreshing native plugins compatible for Editor in 84.14 ms, found 4 plugins.
Preloading 0 native plugins for Editor in 0.00 ms.
Mono: successfully reloaded assembly
- Completed reload, in  1.295 seconds
Domain Reload Profiling:
	ReloadAssembly (1296ms)
		BeginReloadAssembly (166ms)
			ExecutionOrderSort (0ms)
			DisableScriptedObjects (5ms)
			BackupInstance (0ms)
			ReleaseScriptingObjects (0ms)
			CreateAndSetChildDomain (26ms)
		EndReloadAssembly (993ms)
			LoadAssemblies (146ms)
			RebuildTransferFunctionScriptingTraits (0ms)
			SetupTypeCache (258ms)
			ReleaseScriptCaches (1ms)
			RebuildScriptCaches (55ms)
			SetupLoadedEditorAssemblies (524ms)
				LogAssemblyErrors (0ms)
				InitializePlatformSupportModulesInManaged (8ms)
				SetLoadedEditorAssemblies (0ms)
				RefreshPlugins (84ms)
				BeforeProcessingInitializeOnLoad (83ms)
				ProcessInitializeOnLoadAttributes (304ms)
				ProcessInitializeOnLoadMethodAttributes (28ms)
				AfterProcessingInitializeOnLoad (16ms)
				EditorAssembliesLoaded (0ms)
			ExecutionOrderSort2 (0ms)
			AwakeInstancesAfterBackupRestoration (11ms)
Platform modules already initialized, skipping
========================================================================
Worker process is ready to serve import requests
Launched and connected shader compiler UnityShaderCompiler.exe after 0.07 seconds
Refreshing native plugins compatible for Editor in 0.70 ms, found 4 plugins.
Preloading 0 native plugins for Editor in 0.00 ms.
Unloading 3738 Unused Serialized files (Serialized files now loaded: 0)
Unloading 41 unused Assets / (229.2 KB). Loaded Objects now: 4192.
Memory consumption went from 147.2 MB to 147.0 MB.
Total: 3.244200 ms (FindLiveObjects: 0.241000 ms CreateObjectMapping: 0.129000 ms MarkObjects: 2.734500 ms  DeleteObjects: 0.139000 ms)

AssetImportParameters requested are different than current active one (requested -> active):
  custom:video-decoder-ogg-theora: a1e56fd34408186e4bbccfd4996cb3dc -> 
  custom:container-muxer-webm: aa71ff27fc2769a1b78a27578f13a17b -> 
  custom:container-demuxer-webm: 4f35f7cbe854078d1ac9338744f61a02 -> 
  custom:video-encoder-webm-vp8: eb34c28f22e8b96e1ab97ce403110664 -> 
  custom:audio-encoder-webm-vorbis: bf7c407c2cedff20999df2af8eb42d56 -> 
  custom:framework-win-MediaFoundation: 216162199b28c13a410421893ffa2e32 -> 
  custom:container-demuxer-ogg: 62fdf1f143b41e24485cea50d1cbac27 -> 
  custom:video-decoder-webm-vp8: 9c59270c3fd7afecdb556c50c9e8de78 -> 
  custom:audio-decoder-ogg-vorbis: bf7c407c2cedff20999df2af8eb42d56 -> 
========================================================================
Received Import Request.
  Time since last request: 563048.838073 seconds.
  path: Assets/kenney_space-shooter-redux/PNG/Meteors/meteorBrown_big3.png
  artifactKey: Guid(0eb34573dee673f4fb8671842ba2f4c7) Importer(815301076,1909f56bfc062723c751e8b465ee728b)
Start importing Assets/kenney_space-shooter-redux/PNG/Meteors/meteorBrown_big3.png using Guid(0eb34573dee673f4fb8671842ba2f4c7) Importer(815301076,1909f56bfc062723c751e8b465ee728b)  -> (artifact id: 'd4aa823ed7a9bad361db35434413f8a3') in 0.124562 seconds 
========================================================================
Received Import Request.
  Time since last request: 0.000022 seconds.
  path: Assets/kenney_space-shooter-redux/PNG/Meteors/meteorGrey_big2.png
  artifactKey: Guid(584a5a569875e4747a442b1b01c256b1) Importer(815301076,1909f56bfc062723c751e8b465ee728b)
Start importing Assets/kenney_space-shooter-redux/PNG/Meteors/meteorGrey_big2.png using Guid(584a5a569875e4747a442b1b01c256b1) Importer(815301076,1909f56bfc062723c751e8b465ee728b)  -> (artifact id: '490bfe529c30f92b772e4886c75aabbb') in 0.024006 seconds 
========================================================================
Received Import Request.
  Time since last request: 0.000021 seconds.
  path: Assets/kenney_space-shooter-redux/PNG/Meteors/meteorBrown_tiny2.png
  artifactKey: Guid(4413749b14ec18e43addf5aad88a47ad) Importer(815301076,1909f56bfc062723c751e8b465ee728b)
Start importing Assets/kenney_space-shooter-redux/PNG/Meteors/meteorBrown_tiny2.png using Guid(4413749b14ec18e43addf5aad88a47ad) Importer(815301076,1909f56bfc062723c751e8b465ee728b)  -> (artifact id: '66d937111c8cba75b18800c9c52c454b') in 0.029451 seconds 
========================================================================
Received Import Request.
  Time since last request: 0.000029 seconds.
  path: Assets/kenney_space-shooter-redux/PNG/Meteors/meteorBrown_med1.png
  artifactKey: Guid(7135a5720a3c5954d8714853ce5cc106) Importer(815301076,1909f56bfc062723c751e8b465ee728b)
Start importing Assets/kenney_space-shooter-redux/PNG/Meteors/meteorBrown_med1.png using Guid(7135a5720a3c5954d8714853ce5cc106) Importer(815301076,1909f56bfc062723c751e8b465ee728b)  -> (artifact id: '776f1737997589095d8fe4a39c5e3afd') in 0.027762 seconds 
========================================================================
Received Import Request.
  Time since last request: 2.212265 seconds.
  path: Assets/kenney_space-shooter-redux/PNG/Lasers/laserBlue03.png
  artifactKey: Guid(fd442ba82f1987f49a7b82d03edf1152) Importer(815301076,1909f56bfc062723c751e8b465ee728b)
Start importing Assets/kenney_space-shooter-redux/PNG/Lasers/laserBlue03.png using Guid(fd442ba82f1987f49a7b82d03edf1152) Importer(815301076,1909f56bfc062723c751e8b465ee728b)  -> (artifact id: '80c3ae10b2d2233f7ac17779757fb61c') in 0.025858 seconds 
========================================================================
Received Import Request.
  Time since last request: 0.000018 seconds.
  path: Assets/kenney_space-shooter-redux/PNG/Lasers/laserBlue11.png
  artifactKey: Guid(8f10b216afec0fa408c9308628be489f) Importer(815301076,1909f56bfc062723c751e8b465ee728b)
Start importing Assets/kenney_space-shooter-redux/PNG/Lasers/laserBlue11.png using Guid(8f10b216afec0fa408c9308628be489f) Importer(815301076,1909f56bfc062723c751e8b465ee728b)  -> (artifact id: '6c12b8f1601607d29edf224eb41fbc5c') in 0.021313 seconds 
========================================================================
Received Import Request.
  Time since last request: 0.000016 seconds.
  path: Assets/kenney_space-shooter-redux/PNG/Lasers/laserGreen07.png
  artifactKey: Guid(7cd56b5e905c43642b0e8f562723b7a6) Importer(815301076,1909f56bfc062723c751e8b465ee728b)
Start importing Assets/kenney_space-shooter-redux/PNG/Lasers/laserGreen07.png using Guid(7cd56b5e905c43642b0e8f562723b7a6) Importer(815301076,1909f56bfc062723c751e8b465ee728b)  -> (artifact id: '7a7eb2d57787f4f29a8f0606dbfb2fa2') in 0.026036 seconds 
========================================================================
Received Import Request.
  Time since last request: 0.000016 seconds.
  path: Assets/kenney_space-shooter-redux/PNG/Lasers/laserGreen02.png
  artifactKey: Guid(f6ed1f1c30c365f499f2f6744bfcdc50) Importer(815301076,1909f56bfc062723c751e8b465ee728b)
Start importing Assets/kenney_space-shooter-redux/PNG/Lasers/laserGreen02.png using Guid(f6ed1f1c30c365f499f2f6744bfcdc50) Importer(815301076,1909f56bfc062723c751e8b465ee728b)  -> (artifact id: '0618117672124067063f93667c0bcd0f') in 0.027456 seconds 
========================================================================
Received Import Request.
  Time since last request: 0.000025 seconds.
  path: Assets/kenney_space-shooter-redux/PNG/Lasers/laserGreen04.png
  artifactKey: Guid(03994a00a92915d47969cea9c1a55367) Importer(815301076,1909f56bfc062723c751e8b465ee728b)
Start importing Assets/kenney_space-shooter-redux/PNG/Lasers/laserGreen04.png using Guid(03994a00a92915d47969cea9c1a55367) Importer(815301076,1909f56bfc062723c751e8b465ee728b)  -> (artifact id: '5cf1a64119221bc14b80ce518d8ec0f5') in 0.026186 seconds 
========================================================================
Received Import Request.
  Time since last request: 0.000027 seconds.
  path: Assets/kenney_space-shooter-redux/PNG/Lasers/laserBlue13.png
  artifactKey: Guid(65fa6692bd61e3e43a6662bf2d325d54) Importer(815301076,1909f56bfc062723c751e8b465ee728b)
Start importing Assets/kenney_space-shooter-redux/PNG/Lasers/laserBlue13.png using Guid(65fa6692bd61e3e43a6662bf2d325d54) Importer(815301076,1909f56bfc062723c751e8b465ee728b)  -> (artifact id: '78a606e16efc18931ca22513756a4d7d') in 0.030979 seconds 
========================================================================
Received Import Request.
  Time since last request: 0.000032 seconds.
  path: Assets/kenney_space-shooter-redux/PNG/Lasers/laserBlue04.png
  artifactKey: Guid(d56f97be49f10c44484b548daad15c98) Importer(815301076,1909f56bfc062723c751e8b465ee728b)
Start importing Assets/kenney_space-shooter-redux/PNG/Lasers/laserBlue04.png using Guid(d56f97be49f10c44484b548daad15c98) Importer(815301076,1909f56bfc062723c751e8b465ee728b)  -> (artifact id: '3a10fd60838ea476158a1938fe8b9bde') in 0.029504 seconds 
========================================================================
Received Import Request.
  Time since last request: 0.000022 seconds.
  path: Assets/kenney_space-shooter-redux/PNG/Lasers/laserGreen14.png
  artifactKey: Guid(93240fac51e6b8740a6aa1d12b2ed5e6) Importer(815301076,1909f56bfc062723c751e8b465ee728b)
Start importing Assets/kenney_space-shooter-redux/PNG/Lasers/laserGreen14.png using Guid(93240fac51e6b8740a6aa1d12b2ed5e6) Importer(815301076,1909f56bfc062723c751e8b465ee728b)  -> (artifact id: 'dbb47c02c0d2577fcda2c6c0cb3a4e47') in 0.022819 seconds 
========================================================================
Received Import Request.
  Time since last request: 0.000024 seconds.
  path: Assets/kenney_space-shooter-redux/PNG/Lasers/laserGreen12.png
  artifactKey: Guid(d227b7c88744f394da07fc100a86e476) Importer(815301076,1909f56bfc062723c751e8b465ee728b)
Start importing Assets/kenney_space-shooter-redux/PNG/Lasers/laserGreen12.png using Guid(d227b7c88744f394da07fc100a86e476) Importer(815301076,1909f56bfc062723c751e8b465ee728b)  -> (artifact id: '081c8dff368f6bedc3e170be37d490fb') in 0.019431 seconds 
========================================================================
Received Import Request.
  Time since last request: 0.000023 seconds.
  path: Assets/kenney_space-shooter-redux/PNG/Lasers/laserGreen13.png
  artifactKey: Guid(d51af68b92864a044b2ffecbc089710b) Importer(815301076,1909f56bfc062723c751e8b465ee728b)
Start importing Assets/kenney_space-shooter-redux/PNG/Lasers/laserGreen13.png using Guid(d51af68b92864a044b2ffecbc089710b) Importer(815301076,1909f56bfc062723c751e8b465ee728b)  -> (artifact id: '0e493938a72b13fb55e42e9d99f1a0eb') in 0.032508 seconds 
========================================================================
Received Import Request.
  Time since last request: 0.000032 seconds.
  path: Assets/kenney_space-shooter-redux/PNG/Lasers/laserGreen06.png
  artifactKey: Guid(2d62f34eb5553704da9b2980fc3682b0) Importer(815301076,1909f56bfc062723c751e8b465ee728b)
Start importing Assets/kenney_space-shooter-redux/PNG/Lasers/laserGreen06.png using Guid(2d62f34eb5553704da9b2980fc3682b0) Importer(815301076,1909f56bfc062723c751e8b465ee728b)  -> (artifact id: '296aaaaae90b6089b08db54a8d90543e') in 0.015515 seconds 
========================================================================
Received Import Request.
  Time since last request: 0.000016 seconds.
  path: Assets/kenney_space-shooter-redux/PNG/Lasers/laserBlue15.png
  artifactKey: Guid(a4f8a850d422f6b43b6e4ae0cbd9af1b) Importer(815301076,1909f56bfc062723c751e8b465ee728b)
Start importing Assets/kenney_space-shooter-redux/PNG/Lasers/laserBlue15.png using Guid(a4f8a850d422f6b43b6e4ae0cbd9af1b) Importer(815301076,1909f56bfc062723c751e8b465ee728b)  -> (artifact id: '38eb57fb69b5031950a8399f76a38522') in 0.015446 seconds 
========================================================================
Received Import Request.
  Time since last request: 0.000028 seconds.
  path: Assets/kenney_space-shooter-redux/PNG/Lasers/laserGreen15.png
  artifactKey: Guid(7293c6e24d423b94eb2efa3875fe95bd) Importer(815301076,1909f56bfc062723c751e8b465ee728b)
Start importing Assets/kenney_space-shooter-redux/PNG/Lasers/laserGreen15.png using Guid(7293c6e24d423b94eb2efa3875fe95bd) Importer(815301076,1909f56bfc062723c751e8b465ee728b)  -> (artifact id: '44b7f0909a6482f8e2bb11f356fdc1a1') in 0.016280 seconds 
========================================================================
Received Import Request.
  Time since last request: 0.000016 seconds.
  path: Assets/kenney_space-shooter-redux/PNG/Lasers/laserGreen05.png
  artifactKey: Guid(8f9e5c11a44e9b54984b6956eeef9e3f) Importer(815301076,1909f56bfc062723c751e8b465ee728b)
Start importing Assets/kenney_space-shooter-redux/PNG/Lasers/laserGreen05.png using Guid(8f9e5c11a44e9b54984b6956eeef9e3f) Importer(815301076,1909f56bfc062723c751e8b465ee728b)  -> (artifact id: 'ed5b4d69123fbccf574926eb7a4e43d4') in 0.014491 seconds 
========================================================================
Received Import Request.
  Time since last request: 0.000018 seconds.
  path: Assets/kenney_space-shooter-redux/PNG/Lasers/laserRed09.png
  artifactKey: Guid(af71d6836f057194391f89e51f01942b) Importer(815301076,1909f56bfc062723c751e8b465ee728b)
Start importing Assets/kenney_space-shooter-redux/PNG/Lasers/laserRed09.png using Guid(af71d6836f057194391f89e51f01942b) Importer(815301076,1909f56bfc062723c751e8b465ee728b)  -> (artifact id: 'f1bbebf576d99c6843d47c6a17ef2ed8') in 0.017249 seconds 
========================================================================
Received Import Request.
  Time since last request: 0.000040 seconds.
  path: Assets/kenney_space-shooter-redux/PNG/Lasers/laserRed14.png
  artifactKey: Guid(d4ace741665f8e54db7ddb16bc32e043) Importer(815301076,1909f56bfc062723c751e8b465ee728b)
Start importing Assets/kenney_space-shooter-redux/PNG/Lasers/laserRed14.png using Guid(d4ace741665f8e54db7ddb16bc32e043) Importer(815301076,1909f56bfc062723c751e8b465ee728b)  -> (artifact id: 'a20ebc844e955f074151396f586e3885') in 0.015754 seconds 
========================================================================
Received Import Request.
  Time since last request: 4.277513 seconds.
  path: Assets/kenney_space-shooter-redux/PNG/Enemies/enemyBlack3.png
  artifactKey: Guid(dc69c346affec514a8276b19f27493e8) Importer(815301076,1909f56bfc062723c751e8b465ee728b)
Start importing Assets/kenney_space-shooter-redux/PNG/Enemies/enemyBlack3.png using Guid(dc69c346affec514a8276b19f27493e8) Importer(815301076,1909f56bfc062723c751e8b465ee728b)  -> (artifact id: '2741382a136c6c4694ceda50ba1634ec') in 0.025805 seconds 
========================================================================
Received Import Request.
  Time since last request: 0.000029 seconds.
  path: Assets/kenney_space-shooter-redux/PNG/Enemies/enemyBlue1.png
  artifactKey: Guid(1fb0911ecd53dda4f99bfee231a5adb6) Importer(815301076,1909f56bfc062723c751e8b465ee728b)
Start importing Assets/kenney_space-shooter-redux/PNG/Enemies/enemyBlue1.png using Guid(1fb0911ecd53dda4f99bfee231a5adb6) Importer(815301076,1909f56bfc062723c751e8b465ee728b)  -> (artifact id: '07115465e12ad80d70bcafdbc52d0439') in 0.024897 seconds 
========================================================================
Received Import Request.
  Time since last request: 0.000027 seconds.
  path: Assets/kenney_space-shooter-redux/PNG/Enemies/enemyBlue2.png
  artifactKey: Guid(66549572afcaf3644a4ed524709ec815) Importer(815301076,1909f56bfc062723c751e8b465ee728b)
Start importing Assets/kenney_space-shooter-redux/PNG/Enemies/enemyBlue2.png using Guid(66549572afcaf3644a4ed524709ec815) Importer(815301076,1909f56bfc062723c751e8b465ee728b)  -> (artifact id: '3621ba254febed8bc287af9f1c2ef502') in 0.037150 seconds 
========================================================================
Received Import Request.
  Time since last request: 0.000015 seconds.
  path: Assets/kenney_space-shooter-redux/PNG/Enemies/enemyGreen1.png
  artifactKey: Guid(483c477801f33f24f8182bf63874646e) Importer(815301076,1909f56bfc062723c751e8b465ee728b)
Start importing Assets/kenney_space-shooter-redux/PNG/Enemies/enemyGreen1.png using Guid(483c477801f33f24f8182bf63874646e) Importer(815301076,1909f56bfc062723c751e8b465ee728b)  -> (artifact id: '5e74b54f4eed5aa9163c017ecada54d0') in 0.026495 seconds 
========================================================================
Received Import Request.
  Time since last request: 0.000019 seconds.
  path: Assets/kenney_space-shooter-redux/PNG/Enemies/enemyBlack5.png
  artifactKey: Guid(a6b7db5d8e784cc4cb4e92c353635b7e) Importer(815301076,1909f56bfc062723c751e8b465ee728b)
Start importing Assets/kenney_space-shooter-redux/PNG/Enemies/enemyBlack5.png using Guid(a6b7db5d8e784cc4cb4e92c353635b7e) Importer(815301076,1909f56bfc062723c751e8b465ee728b)  -> (artifact id: 'bf0eed0960d28f9797492e9d9c81bfe5') in 0.029281 seconds 
========================================================================
Received Import Request.
  Time since last request: 0.000019 seconds.
  path: Assets/kenney_space-shooter-redux/PNG/Enemies/enemyBlue3.png
  artifactKey: Guid(ef7032d234dae1943a7efa85909b6691) Importer(815301076,1909f56bfc062723c751e8b465ee728b)
Start importing Assets/kenney_space-shooter-redux/PNG/Enemies/enemyBlue3.png using Guid(ef7032d234dae1943a7efa85909b6691) Importer(815301076,1909f56bfc062723c751e8b465ee728b)  -> (artifact id: '6e55df730f16ac3569c04b26148f9a33') in 0.029293 seconds 
========================================================================
Received Import Request.
  Time since last request: 0.000017 seconds.
  path: Assets/kenney_space-shooter-redux/PNG/Enemies/enemyRed3.png
  artifactKey: Guid(be103dab655bb0a4f8165c82d66396aa) Importer(815301076,1909f56bfc062723c751e8b465ee728b)
Start importing Assets/kenney_space-shooter-redux/PNG/Enemies/enemyRed3.png using Guid(be103dab655bb0a4f8165c82d66396aa) Importer(815301076,1909f56bfc062723c751e8b465ee728b)  -> (artifact id: '50ad41bcbeb67e843e579599512fb774') in 0.015715 seconds 
========================================================================
Received Import Request.
  Time since last request: 3.559549 seconds.
  path: Assets/kenney_space-shooter-redux/PNG/Effects/fire02.png
  artifactKey: Guid(97e09539625aa2740aa25747dac1980f) Importer(815301076,1909f56bfc062723c751e8b465ee728b)
Start importing Assets/kenney_space-shooter-redux/PNG/Effects/fire02.png using Guid(97e09539625aa2740aa25747dac1980f) Importer(815301076,1909f56bfc062723c751e8b465ee728b)  -> (artifact id: '4fa706b045cae4c245bc28652066cbd1') in 0.019793 seconds 
========================================================================
Received Import Request.
  Time since last request: 0.000030 seconds.
  path: Assets/kenney_space-shooter-redux/PNG/Effects/fire12.png
  artifactKey: Guid(0ab9549b895fd944d96be6cd7068687d) Importer(815301076,1909f56bfc062723c751e8b465ee728b)
Start importing Assets/kenney_space-shooter-redux/PNG/Effects/fire12.png using Guid(0ab9549b895fd944d96be6cd7068687d) Importer(815301076,1909f56bfc062723c751e8b465ee728b)  -> (artifact id: 'd6d7a197bbba7dbe67c1fe11c04d519f') in 0.018950 seconds 
========================================================================
Received Import Request.
  Time since last request: 0.000037 seconds.
  path: Assets/kenney_space-shooter-redux/PNG/Effects/star2.png
  artifactKey: Guid(d01e397deb775fc4e94f373747995ba2) Importer(815301076,1909f56bfc062723c751e8b465ee728b)
Start importing Assets/kenney_space-shooter-redux/PNG/Effects/star2.png using Guid(d01e397deb775fc4e94f373747995ba2) Importer(815301076,1909f56bfc062723c751e8b465ee728b)  -> (artifact id: 'ab5138bb615ad0dcefee0441b020917b') in 0.023704 seconds 
========================================================================
Received Import Request.
  Time since last request: 0.000019 seconds.
  path: Assets/kenney_space-shooter-redux/PNG/Effects/fire06.png
  artifactKey: Guid(413768ff91ad53644905c4ccf5c211ef) Importer(815301076,1909f56bfc062723c751e8b465ee728b)
Start importing Assets/kenney_space-shooter-redux/PNG/Effects/fire06.png using Guid(413768ff91ad53644905c4ccf5c211ef) Importer(815301076,1909f56bfc062723c751e8b465ee728b)  -> (artifact id: 'dda43cd8d48110bfedb59fa8120a1117') in 0.025368 seconds 
========================================================================
Received Import Request.
  Time since last request: 0.000023 seconds.
  path: Assets/kenney_space-shooter-redux/PNG/Effects/fire03.png
  artifactKey: Guid(24f46e06521811b41bf284f2b8ea5dd8) Importer(815301076,1909f56bfc062723c751e8b465ee728b)
Start importing Assets/kenney_space-shooter-redux/PNG/Effects/fire03.png using Guid(24f46e06521811b41bf284f2b8ea5dd8) Importer(815301076,1909f56bfc062723c751e8b465ee728b)  -> (artifact id: '847eb1b19841353eb3bebde947631691') in 0.027195 seconds 
========================================================================
Received Import Request.
  Time since last request: 0.000020 seconds.
  path: Assets/kenney_space-shooter-redux/PNG/Effects/shield3.png
  artifactKey: Guid(5b8ecd184947eff4c9daba0fe0a05791) Importer(815301076,1909f56bfc062723c751e8b465ee728b)
Start importing Assets/kenney_space-shooter-redux/PNG/Effects/shield3.png using Guid(5b8ecd184947eff4c9daba0fe0a05791) Importer(815301076,1909f56bfc062723c751e8b465ee728b)  -> (artifact id: '4767fddc4a843c930f0a9b3c0074ac63') in 0.027384 seconds 
========================================================================
Received Import Request.
  Time since last request: 0.000025 seconds.
  path: Assets/kenney_space-shooter-redux/PNG/Effects/fire19.png
  artifactKey: Guid(0e420b90aeb910a44a7ebd37c0adc24f) Importer(815301076,1909f56bfc062723c751e8b465ee728b)
Start importing Assets/kenney_space-shooter-redux/PNG/Effects/fire19.png using Guid(0e420b90aeb910a44a7ebd37c0adc24f) Importer(815301076,1909f56bfc062723c751e8b465ee728b)  -> (artifact id: '513456b2277932f97fa0c0e68cf18848') in 0.022143 seconds 
========================================================================
Received Import Request.
  Time since last request: 0.000023 seconds.
  path: Assets/kenney_space-shooter-redux/PNG/Effects/star3.png
  artifactKey: Guid(d036e220dbb7d4f489c19e849c14e5a5) Importer(815301076,1909f56bfc062723c751e8b465ee728b)
Start importing Assets/kenney_space-shooter-redux/PNG/Effects/star3.png using Guid(d036e220dbb7d4f489c19e849c14e5a5) Importer(815301076,1909f56bfc062723c751e8b465ee728b)  -> (artifact id: '2b76a0407c46bc1bb5f54d04bce826c7') in 0.021709 seconds 
========================================================================
Received Import Request.
  Time since last request: 0.000026 seconds.
  path: Assets/kenney_space-shooter-redux/PNG/Effects/fire05.png
  artifactKey: Guid(ab06d1198f5ba6c40b899e5d865805a4) Importer(815301076,1909f56bfc062723c751e8b465ee728b)
Start importing Assets/kenney_space-shooter-redux/PNG/Effects/fire05.png using Guid(ab06d1198f5ba6c40b899e5d865805a4) Importer(815301076,1909f56bfc062723c751e8b465ee728b)  -> (artifact id: '461e30961ba66789bf982b47c5cc19ea') in 0.022343 seconds 
========================================================================
Received Import Request.
  Time since last request: 2.337994 seconds.
  path: Assets/kenney_space-shooter-redux/PNG/Damage/playerShip1_damage3.png
  artifactKey: Guid(162ecd9666ec367409e8d63d71e12915) Importer(815301076,1909f56bfc062723c751e8b465ee728b)
Start importing Assets/kenney_space-shooter-redux/PNG/Damage/playerShip1_damage3.png using Guid(162ecd9666ec367409e8d63d71e12915) Importer(815301076,1909f56bfc062723c751e8b465ee728b)  -> (artifact id: '0f41afa0ea592a5fab88e31d73e1e6be') in 0.026845 seconds 
========================================================================
Received Import Request.
  Time since last request: 0.000021 seconds.
  path: Assets/kenney_space-shooter-redux/PNG/Damage/playerShip3_damage3.png
  artifactKey: Guid(7d0c875ca351b6e4b882212292d2637c) Importer(815301076,1909f56bfc062723c751e8b465ee728b)
Start importing Assets/kenney_space-shooter-redux/PNG/Damage/playerShip3_damage3.png using Guid(7d0c875ca351b6e4b882212292d2637c) Importer(815301076,1909f56bfc062723c751e8b465ee728b)  -> (artifact id: 'ee67d4cd91479aefa533f841f9b4a354') in 0.032609 seconds 
========================================================================
Received Import Request.
  Time since last request: 0.000029 seconds.
  path: Assets/kenney_space-shooter-redux/PNG/Damage/playerShip2_damage2.png
  artifactKey: Guid(ed1cd61ab9b42ee42adefd821581c0aa) Importer(815301076,1909f56bfc062723c751e8b465ee728b)
Start importing Assets/kenney_space-shooter-redux/PNG/Damage/playerShip2_damage2.png using Guid(ed1cd61ab9b42ee42adefd821581c0aa) Importer(815301076,1909f56bfc062723c751e8b465ee728b)  -> (artifact id: 'b7d517f3eecc92404b86df58433d8397') in 0.029479 seconds 
Editor requested this worker to shutdown with reason: Scaling down because of idle timeout
AssetImportWorker is now disconnected from the server
Process exiting
Exiting without the bug reporter. Application will terminate with return code 0