Using pre-set license
Built from '2021.3/staging' branch; Version is '2021.3.23f1 (213b516bf396) revision 2177873'; Using compiler version '192829333'; Build Type 'Release'
OS: 'Windows 10  (10.0.19042) 64bit Professional' Language: 'ko' Physical Memory: 8125 MB
BatchMode: 1, IsHumanControllingUs: 0, StartBugReporterOnCrash: 0, Is64bit: 1, IsPro: 1

COMMAND LINE ARGUMENTS:
C:\Users\ADMIN\Desktop\Unity Hub\Unity 2021.3.23f1\Editor\Unity.exe
-adb2
-batchMode
-noUpm
-name
AssetImportWorker3
-projectPath
C:/Users/ADMIN/Desktop/galaga file/team2/Galaga
-logFile
Logs/AssetImportWorker3.log
-srvPort
3130
Successfully changed project path to: C:/Users/ADMIN/Desktop/galaga file/team2/Galaga
C:/Users/ADMIN/Desktop/galaga file/team2/Galaga
[UnityMemory] Configuration Parameters - Can be set up in boot.config
    "memorysetup-bucket-allocator-granularity=16"
    "memorysetup-bucket-allocator-bucket-count=8"
    "memorysetup-bucket-allocator-block-size=33554432"
    "memorysetup-bucket-allocator-block-count=8"
    "memorysetup-main-allocator-block-size=16777216"
    "memorysetup-thread-allocator-block-size=16777216"
    "memorysetup-gfx-main-allocator-block-size=16777216"
    "memorysetup-gfx-thread-allocator-block-size=16777216"
    "memorysetup-cache-allocator-block-size=4194304"
    "memorysetup-typetree-allocator-block-size=2097152"
    "memorysetup-profiler-bucket-allocator-granularity=16"
    "memorysetup-profiler-bucket-allocator-bucket-count=8"
    "memorysetup-profiler-bucket-allocator-block-size=33554432"
    "memorysetup-profiler-bucket-allocator-block-count=8"
    "memorysetup-profiler-allocator-block-size=16777216"
    "memorysetup-profiler-editor-allocator-block-size=1048576"
    "memorysetup-temp-allocator-size-main=16777216"
    "memorysetup-job-temp-allocator-block-size=2097152"
    "memorysetup-job-temp-allocator-block-size-background=1048576"
    "memorysetup-job-temp-allocator-reduction-small-platforms=262144"
    "memorysetup-temp-allocator-size-background-worker=32768"
    "memorysetup-temp-allocator-size-job-worker=262144"
    "memorysetup-temp-allocator-size-preload-manager=33554432"
    "memorysetup-temp-allocator-size-nav-mesh-worker=65536"
    "memorysetup-temp-allocator-size-audio-worker=65536"
    "memorysetup-temp-allocator-size-cloud-worker=32768"
    "memorysetup-temp-allocator-size-gi-baking-worker=262144"
    "memorysetup-temp-allocator-size-gfx=262144"
Player connection [12008] Host "[IP] 192.168.219.101 [Port] 0 [Flags] 2 [Guid] 2625079763 [EditorId] 2625079763 [Version] 1048832 [Id] WindowsEditor(7,DESKTOP-DF1IU6G) [Debug] 1 [PackageName] WindowsEditor [ProjectName] Editor" joined multi-casting on [225.0.0.222:54997]...

Player connection [12008] Host "[IP] 192.168.219.101 [Port] 0 [Flags] 2 [Guid] 2625079763 [EditorId] 2625079763 [Version] 1048832 [Id] WindowsEditor(7,DESKTOP-DF1IU6G) [Debug] 1 [PackageName] WindowsEditor [ProjectName] Editor" joined alternative multi-casting on [225.0.0.222:34997]...

Refreshing native plugins compatible for Editor in 92.45 ms, found 4 plugins.
Preloading 0 native plugins for Editor in 0.00 ms.
Initialize engine version: 2021.3.23f1 (213b516bf396)
[Subsystems] Discovering subsystems at path C:/Users/ADMIN/Desktop/Unity Hub/Unity 2021.3.23f1/Editor/Data/Resources/UnitySubsystems
[Subsystems] Discovering subsystems at path C:/Users/ADMIN/Desktop/galaga file/team2/Galaga/Assets
GfxDevice: creating device client; threaded=0; jobified=0
Direct3D:
    Version:  Direct3D 11.0 [level 11.1]
    Renderer: NVIDIA GeForce GTX 1660 SUPER (ID=0x21c4)
    Vendor:   NVIDIA
    VRAM:     5991 MB
    Driver:   27.21.14.6140
Initialize mono
Mono path[0] = 'C:/Users/ADMIN/Desktop/Unity Hub/Unity 2021.3.23f1/Editor/Data/Managed'
Mono path[1] = 'C:/Users/ADMIN/Desktop/Unity Hub/Unity 2021.3.23f1/Editor/Data/MonoBleedingEdge/lib/mono/unityjit-win32'
Mono config path = 'C:/Users/ADMIN/Desktop/Unity Hub/Unity 2021.3.23f1/Editor/Data/MonoBleedingEdge/etc'
Using monoOptions --debugger-agent=transport=dt_socket,embedding=1,server=y,suspend=n,address=127.0.0.1:56100
Begin MonoManager ReloadAssembly
Registering precompiled unity dll's ...
Register platform support module: C:/Users/ADMIN/Desktop/Unity Hub/Unity 2021.3.23f1/Editor/Data/PlaybackEngines/WindowsStandaloneSupport/UnityEditor.WindowsStandalone.Extensions.dll
Registered in 0.007227 seconds.
Native extension for WindowsStandalone target not found
Refreshing native plugins compatible for Editor in 92.76 ms, found 4 plugins.
Preloading 0 native plugins for Editor in 0.00 ms.
Mono: successfully reloaded assembly
- Completed reload, in  0.634 seconds
Domain Reload Profiling:
	ReloadAssembly (634ms)
		BeginReloadAssembly (86ms)
			ExecutionOrderSort (0ms)
			DisableScriptedObjects (0ms)
			BackupInstance (0ms)
			ReleaseScriptingObjects (0ms)
			CreateAndSetChildDomain (1ms)
		EndReloadAssembly (439ms)
			LoadAssemblies (83ms)
			RebuildTransferFunctionScriptingTraits (0ms)
			SetupTypeCache (104ms)
			ReleaseScriptCaches (0ms)
			RebuildScriptCaches (29ms)
			SetupLoadedEditorAssemblies (252ms)
				LogAssemblyErrors (0ms)
				InitializePlatformSupportModulesInManaged (9ms)
				SetLoadedEditorAssemblies (0ms)
				RefreshPlugins (93ms)
				BeforeProcessingInitializeOnLoad (1ms)
				ProcessInitializeOnLoadAttributes (106ms)
				ProcessInitializeOnLoadMethodAttributes (43ms)
				AfterProcessingInitializeOnLoad (0ms)
				EditorAssembliesLoaded (0ms)
			ExecutionOrderSort2 (0ms)
			AwakeInstancesAfterBackupRestoration (0ms)
Platform modules already initialized, skipping
Registering precompiled user dll's ...
Registered in 0.007963 seconds.
Begin MonoManager ReloadAssembly
Native extension for WindowsStandalone target not found
Refreshing native plugins compatible for Editor in 94.79 ms, found 4 plugins.
Preloading 0 native plugins for Editor in 0.00 ms.
Mono: successfully reloaded assembly
- Completed reload, in  1.056 seconds
Domain Reload Profiling:
	ReloadAssembly (1057ms)
		BeginReloadAssembly (119ms)
			ExecutionOrderSort (0ms)
			DisableScriptedObjects (5ms)
			BackupInstance (0ms)
			ReleaseScriptingObjects (0ms)
			CreateAndSetChildDomain (20ms)
		EndReloadAssembly (836ms)
			LoadAssemblies (93ms)
			RebuildTransferFunctionScriptingTraits (0ms)
			SetupTypeCache (208ms)
			ReleaseScriptCaches (1ms)
			RebuildScriptCaches (47ms)
			SetupLoadedEditorAssemblies (450ms)
				LogAssemblyErrors (0ms)
				InitializePlatformSupportModulesInManaged (4ms)
				SetLoadedEditorAssemblies (0ms)
				RefreshPlugins (95ms)
				BeforeProcessingInitializeOnLoad (98ms)
				ProcessInitializeOnLoadAttributes (209ms)
				ProcessInitializeOnLoadMethodAttributes (34ms)
				AfterProcessingInitializeOnLoad (9ms)
				EditorAssembliesLoaded (0ms)
			ExecutionOrderSort2 (0ms)
			AwakeInstancesAfterBackupRestoration (11ms)
Platform modules already initialized, skipping
========================================================================
Worker process is ready to serve import requests
Launched and connected shader compiler UnityShaderCompiler.exe after 0.04 seconds
Refreshing native plugins compatible for Editor in 0.77 ms, found 4 plugins.
Preloading 0 native plugins for Editor in 0.00 ms.
Unloading 3735 Unused Serialized files (Serialized files now loaded: 0)
Unloading 41 unused Assets / (229.2 KB). Loaded Objects now: 4189.
Memory consumption went from 142.8 MB to 142.6 MB.
Total: 3.132000 ms (FindLiveObjects: 0.317200 ms CreateObjectMapping: 0.108900 ms MarkObjects: 2.554700 ms  DeleteObjects: 0.150100 ms)

AssetImportParameters requested are different than current active one (requested -> active):
  custom:video-decoder-ogg-theora: a1e56fd34408186e4bbccfd4996cb3dc -> 
  custom:container-muxer-webm: aa71ff27fc2769a1b78a27578f13a17b -> 
  custom:container-demuxer-webm: 4f35f7cbe854078d1ac9338744f61a02 -> 
  custom:video-encoder-webm-vp8: eb34c28f22e8b96e1ab97ce403110664 -> 
  custom:audio-encoder-webm-vorbis: bf7c407c2cedff20999df2af8eb42d56 -> 
  custom:framework-win-MediaFoundation: 216162199b28c13a410421893ffa2e32 -> 
  custom:container-demuxer-ogg: 62fdf1f143b41e24485cea50d1cbac27 -> 
  custom:video-decoder-webm-vp8: 9c59270c3fd7afecdb556c50c9e8de78 -> 
  custom:audio-decoder-ogg-vorbis: bf7c407c2cedff20999df2af8eb42d56 -> 
========================================================================
Received Prepare
Registering precompiled user dll's ...
Registered in 0.009716 seconds.
Begin MonoManager ReloadAssembly
Native extension for WindowsStandalone target not found
Refreshing native plugins compatible for Editor in 0.92 ms, found 4 plugins.
Preloading 0 native plugins for Editor in 0.00 ms.
Mono: successfully reloaded assembly
- Completed reload, in  1.071 seconds
Domain Reload Profiling:
	ReloadAssembly (1071ms)
		BeginReloadAssembly (172ms)
			ExecutionOrderSort (0ms)
			DisableScriptedObjects (9ms)
			BackupInstance (0ms)
			ReleaseScriptingObjects (0ms)
			CreateAndSetChildDomain (49ms)
		EndReloadAssembly (782ms)
			LoadAssemblies (120ms)
			RebuildTransferFunctionScriptingTraits (0ms)
			SetupTypeCache (233ms)
			ReleaseScriptCaches (2ms)
			RebuildScriptCaches (54ms)
			SetupLoadedEditorAssemblies (340ms)
				LogAssemblyErrors (0ms)
				InitializePlatformSupportModulesInManaged (9ms)
				SetLoadedEditorAssemblies (0ms)
				RefreshPlugins (1ms)
				BeforeProcessingInitializeOnLoad (79ms)
				ProcessInitializeOnLoadAttributes (201ms)
				ProcessInitializeOnLoadMethodAttributes (39ms)
				AfterProcessingInitializeOnLoad (11ms)
				EditorAssembliesLoaded (0ms)
			ExecutionOrderSort2 (0ms)
			AwakeInstancesAfterBackupRestoration (14ms)
Platform modules already initialized, skipping
Refreshing native plugins compatible for Editor in 3.58 ms, found 4 plugins.
Preloading 0 native plugins for Editor in 0.00 ms.
Unloading 3730 Unused Serialized files (Serialized files now loaded: 0)
Unloading 28 unused Assets / (195.7 KB). Loaded Objects now: 4192.
Memory consumption went from 142.3 MB to 142.1 MB.
Total: 3.302000 ms (FindLiveObjects: 0.405900 ms CreateObjectMapping: 0.183600 ms MarkObjects: 2.558800 ms  DeleteObjects: 0.152700 ms)

AssetImportParameters requested are different than current active one (requested -> active):
  custom:video-decoder-ogg-theora: a1e56fd34408186e4bbccfd4996cb3dc -> 
  custom:container-muxer-webm: aa71ff27fc2769a1b78a27578f13a17b -> 
  custom:container-demuxer-webm: 4f35f7cbe854078d1ac9338744f61a02 -> 
  custom:video-encoder-webm-vp8: eb34c28f22e8b96e1ab97ce403110664 -> 
  custom:audio-encoder-webm-vorbis: bf7c407c2cedff20999df2af8eb42d56 -> 
  custom:framework-win-MediaFoundation: 216162199b28c13a410421893ffa2e32 -> 
  custom:container-demuxer-ogg: 62fdf1f143b41e24485cea50d1cbac27 -> 
  custom:video-decoder-webm-vp8: 9c59270c3fd7afecdb556c50c9e8de78 -> 
  custom:audio-decoder-ogg-vorbis: bf7c407c2cedff20999df2af8eb42d56 -> 
========================================================================
Received Prepare
Registering precompiled user dll's ...
Registered in 0.009334 seconds.
Begin MonoManager ReloadAssembly
Native extension for WindowsStandalone target not found
Refreshing native plugins compatible for Editor in 0.82 ms, found 4 plugins.
Preloading 0 native plugins for Editor in 0.00 ms.
Mono: successfully reloaded assembly
- Completed reload, in  0.971 seconds
Domain Reload Profiling:
	ReloadAssembly (972ms)
		BeginReloadAssembly (148ms)
			ExecutionOrderSort (0ms)
			DisableScriptedObjects (7ms)
			BackupInstance (0ms)
			ReleaseScriptingObjects (0ms)
			CreateAndSetChildDomain (33ms)
		EndReloadAssembly (725ms)
			LoadAssemblies (109ms)
			RebuildTransferFunctionScriptingTraits (0ms)
			SetupTypeCache (227ms)
			ReleaseScriptCaches (2ms)
			RebuildScriptCaches (43ms)
			SetupLoadedEditorAssemblies (314ms)
				LogAssemblyErrors (0ms)
				InitializePlatformSupportModulesInManaged (6ms)
				SetLoadedEditorAssemblies (0ms)
				RefreshPlugins (1ms)
				BeforeProcessingInitializeOnLoad (81ms)
				ProcessInitializeOnLoadAttributes (182ms)
				ProcessInitializeOnLoadMethodAttributes (34ms)
				AfterProcessingInitializeOnLoad (10ms)
				EditorAssembliesLoaded (0ms)
			ExecutionOrderSort2 (0ms)
			AwakeInstancesAfterBackupRestoration (12ms)
Platform modules already initialized, skipping
Refreshing native plugins compatible for Editor in 2.68 ms, found 4 plugins.
Preloading 0 native plugins for Editor in 0.00 ms.
Unloading 3730 Unused Serialized files (Serialized files now loaded: 0)
Unloading 28 unused Assets / (195.8 KB). Loaded Objects now: 4195.
Memory consumption went from 142.3 MB to 142.1 MB.
Total: 3.770800 ms (FindLiveObjects: 0.380800 ms CreateObjectMapping: 0.096500 ms MarkObjects: 3.127400 ms  DeleteObjects: 0.164900 ms)

AssetImportParameters requested are different than current active one (requested -> active):
  custom:video-decoder-ogg-theora: a1e56fd34408186e4bbccfd4996cb3dc -> 
  custom:container-muxer-webm: aa71ff27fc2769a1b78a27578f13a17b -> 
  custom:container-demuxer-webm: 4f35f7cbe854078d1ac9338744f61a02 -> 
  custom:video-encoder-webm-vp8: eb34c28f22e8b96e1ab97ce403110664 -> 
  custom:audio-encoder-webm-vorbis: bf7c407c2cedff20999df2af8eb42d56 -> 
  custom:framework-win-MediaFoundation: 216162199b28c13a410421893ffa2e32 -> 
  custom:container-demuxer-ogg: 62fdf1f143b41e24485cea50d1cbac27 -> 
  custom:video-decoder-webm-vp8: 9c59270c3fd7afecdb556c50c9e8de78 -> 
  custom:audio-decoder-ogg-vorbis: bf7c407c2cedff20999df2af8eb42d56 -> 
========================================================================
Received Import Request.
  Time since last request: 370631.105864 seconds.
  path: Assets/SFS_PixelPlanets/Prefabs/Asteroids/Shaded/Asteroid_Shaded_Big_1.prefab
  artifactKey: Guid(e8c5bc90189c7494c995f90ea744851b) Importer(815301076,1909f56bfc062723c751e8b465ee728b)
Start importing Assets/SFS_PixelPlanets/Prefabs/Asteroids/Shaded/Asteroid_Shaded_Big_1.prefab using Guid(e8c5bc90189c7494c995f90ea744851b) Importer(815301076,1909f56bfc062723c751e8b465ee728b)  -> (artifact id: '10ff2a23b732f8bd34e164b29488a098') in 0.120096 seconds 
========================================================================
Received Import Request.
  Time since last request: 0.000022 seconds.
  path: Assets/SFS_PixelPlanets/Prefabs/Asteroids/Shaded/Asteroid_Shaded_Small_1.prefab
  artifactKey: Guid(ce62ecd7c29c0b346a95e828eab012ee) Importer(815301076,1909f56bfc062723c751e8b465ee728b)
Start importing Assets/SFS_PixelPlanets/Prefabs/Asteroids/Shaded/Asteroid_Shaded_Small_1.prefab using Guid(ce62ecd7c29c0b346a95e828eab012ee) Importer(815301076,1909f56bfc062723c751e8b465ee728b)  -> (artifact id: '10b78aeabb2af8477ec9f013d9811037') in 0.009757 seconds 
========================================================================
Received Import Request.
  Time since last request: 0.000022 seconds.
  path: Assets/SFS_PixelPlanets/Prefabs/Stars/Star_Animated_2.prefab
  artifactKey: Guid(9dc995b70d1d24c4ab247b15f6aa13a0) Importer(815301076,1909f56bfc062723c751e8b465ee728b)
Start importing Assets/SFS_PixelPlanets/Prefabs/Stars/Star_Animated_2.prefab using Guid(9dc995b70d1d24c4ab247b15f6aa13a0) Importer(815301076,1909f56bfc062723c751e8b465ee728b)  -> (artifact id: '3b0e797f1b52af5771fc2a0040f15cb9') in 0.011098 seconds 
========================================================================
Received Import Request.
  Time since last request: 0.000026 seconds.
  path: Packages/com.unity.2d.spriteshape/Editor/ObjectMenuCreation/DefaultAssets/Sprite Shapes/Closed Sprite Shape.prefab
  artifactKey: Guid(c0583b4e855c74b8c82e7b9b5efb5ce9) Importer(815301076,1909f56bfc062723c751e8b465ee728b)
Start importing Packages/com.unity.2d.spriteshape/Editor/ObjectMenuCreation/DefaultAssets/Sprite Shapes/Closed Sprite Shape.prefab using Guid(c0583b4e855c74b8c82e7b9b5efb5ce9) Importer(815301076,1909f56bfc062723c751e8b465ee728b)  -> (artifact id: '51815f655662d94c45f5dc7d816bbd5f') in 0.014480 seconds 
========================================================================
Received Import Request.
  Time since last request: 0.000024 seconds.
  path: Assets/SFS_PixelPlanets/Prefabs/Stars/Star_1.prefab
  artifactKey: Guid(bd9ad6f449c244840b9ed5be90b473ae) Importer(815301076,1909f56bfc062723c751e8b465ee728b)
Start importing Assets/SFS_PixelPlanets/Prefabs/Stars/Star_1.prefab using Guid(bd9ad6f449c244840b9ed5be90b473ae) Importer(815301076,1909f56bfc062723c751e8b465ee728b)  -> (artifact id: '4ff59cc1731717073a0a7b0716c463ac') in 0.008178 seconds 
========================================================================
Received Import Request.
  Time since last request: 0.000021 seconds.
  path: Assets/SFS_PixelPlanets/Prefabs/Asteroids/Shaded/Asteroid_Shaded_Medium_2.prefab
  artifactKey: Guid(24e22e7b36c43dd4588ab14e456b4ad2) Importer(815301076,1909f56bfc062723c751e8b465ee728b)
Start importing Assets/SFS_PixelPlanets/Prefabs/Asteroids/Shaded/Asteroid_Shaded_Medium_2.prefab using Guid(24e22e7b36c43dd4588ab14e456b4ad2) Importer(815301076,1909f56bfc062723c751e8b465ee728b)  -> (artifact id: 'ac854d86feb8def13ec2f9dd8bef3514') in 0.010416 seconds 
========================================================================
Received Import Request.
  Time since last request: 0.000021 seconds.
  path: Assets/SFS_PixelPlanets/Prefabs/Asteroids/Shaded/Asteroid_Shaded_Medium_5.prefab
  artifactKey: Guid(0cb58f881fedc0d4d8fc366294da95d4) Importer(815301076,1909f56bfc062723c751e8b465ee728b)
Start importing Assets/SFS_PixelPlanets/Prefabs/Asteroids/Shaded/Asteroid_Shaded_Medium_5.prefab using Guid(0cb58f881fedc0d4d8fc366294da95d4) Importer(815301076,1909f56bfc062723c751e8b465ee728b)  -> (artifact id: '78c5981ff7cc2fc0823a057faec8dbff') in 0.007602 seconds 
========================================================================
Received Import Request.
  Time since last request: 0.000023 seconds.
  path: Assets/SFS_PixelPlanets/Prefabs/Stars/Star_4.prefab
  artifactKey: Guid(3bdaf0a8d78b9f74692c7f02dc48b951) Importer(815301076,1909f56bfc062723c751e8b465ee728b)
Start importing Assets/SFS_PixelPlanets/Prefabs/Stars/Star_4.prefab using Guid(3bdaf0a8d78b9f74692c7f02dc48b951) Importer(815301076,1909f56bfc062723c751e8b465ee728b)  -> (artifact id: '052d247ea9af35361a8abdd30b7633fe') in 0.008797 seconds 
========================================================================
Received Import Request.
  Time since last request: 0.000019 seconds.
  path: Assets/SFS_PixelPlanets/Prefabs/Asteroids/Shaded/Asteroid_Shaded_Big_2.prefab
  artifactKey: Guid(db11f5e7cdd776d4596dbb28d58092ac) Importer(815301076,1909f56bfc062723c751e8b465ee728b)
Start importing Assets/SFS_PixelPlanets/Prefabs/Asteroids/Shaded/Asteroid_Shaded_Big_2.prefab using Guid(db11f5e7cdd776d4596dbb28d58092ac) Importer(815301076,1909f56bfc062723c751e8b465ee728b)  -> (artifact id: '37ba3c5e1fed2458a7893bc59ed20ec9') in 0.009647 seconds 
========================================================================
Received Import Request.
  Time since last request: 0.000024 seconds.
  path: Assets/SFS_PixelPlanets/Prefabs/Stars/Star_Animated_0.prefab
  artifactKey: Guid(164703befeeb7f14395feff3e188ab22) Importer(815301076,1909f56bfc062723c751e8b465ee728b)
Start importing Assets/SFS_PixelPlanets/Prefabs/Stars/Star_Animated_0.prefab using Guid(164703befeeb7f14395feff3e188ab22) Importer(815301076,1909f56bfc062723c751e8b465ee728b)  -> (artifact id: '9698134ec995c3c7977e553356d05bed') in 0.010129 seconds 
========================================================================
Received Import Request.
  Time since last request: 0.000020 seconds.
  path: Assets/SFS_PixelPlanets/Prefabs/Stars/Star_2.prefab
  artifactKey: Guid(a15b65361506fdb40bd4e35fc5a8f350) Importer(815301076,1909f56bfc062723c751e8b465ee728b)
Start importing Assets/SFS_PixelPlanets/Prefabs/Stars/Star_2.prefab using Guid(a15b65361506fdb40bd4e35fc5a8f350) Importer(815301076,1909f56bfc062723c751e8b465ee728b)  -> (artifact id: '1c3a832d00cc22a4ba3d3c34c95d7ef8') in 0.010557 seconds 
========================================================================
Received Import Request.
  Time since last request: 0.000020 seconds.
  path: Assets/SFS_PixelPlanets/Prefabs/Asteroids/Shaded/Asteroid_Shaded_Small_3.prefab
  artifactKey: Guid(6ecee52385a82af44b256d032b923f07) Importer(815301076,1909f56bfc062723c751e8b465ee728b)
Start importing Assets/SFS_PixelPlanets/Prefabs/Asteroids/Shaded/Asteroid_Shaded_Small_3.prefab using Guid(6ecee52385a82af44b256d032b923f07) Importer(815301076,1909f56bfc062723c751e8b465ee728b)  -> (artifact id: 'fbffdbca27141ce51938093a0986f3c8') in 0.008428 seconds 
========================================================================
Received Import Request.
  Time since last request: 0.000020 seconds.
  path: Assets/SFS_PixelPlanets/Prefabs/Stars/Star_3.prefab
  artifactKey: Guid(fc4e67d1f4f74ee4fadc4fb3f310f5a6) Importer(815301076,1909f56bfc062723c751e8b465ee728b)
Start importing Assets/SFS_PixelPlanets/Prefabs/Stars/Star_3.prefab using Guid(fc4e67d1f4f74ee4fadc4fb3f310f5a6) Importer(815301076,1909f56bfc062723c751e8b465ee728b)  -> (artifact id: '253f83d8880995fbdf7b2a28bd436392') in 0.008008 seconds 
========================================================================
Received Import Request.
  Time since last request: 42.885856 seconds.
  path: Assets/Scenes/kenney_space-shooter-redux/PNG/playerShip1_orange.png
  artifactKey: Guid(d89cd70c9c5e5ff47a990bb87aaf7b60) Importer(815301076,1909f56bfc062723c751e8b465ee728b)
Start importing Assets/Scenes/kenney_space-shooter-redux/PNG/playerShip1_orange.png using Guid(d89cd70c9c5e5ff47a990bb87aaf7b60) Importer(815301076,1909f56bfc062723c751e8b465ee728b)  -> (artifact id: 'fa6ea669d2b57f425c65fe3aedf0dc73') in 0.078297 seconds 
========================================================================
Received Import Request.
  Time since last request: 0.000024 seconds.
  path: Assets/Scenes/kenney_space-shooter-redux/PNG/playerShip2_green.png
  artifactKey: Guid(cb8771299260431409c8d277e12b19a9) Importer(815301076,1909f56bfc062723c751e8b465ee728b)
Start importing Assets/Scenes/kenney_space-shooter-redux/PNG/playerShip2_green.png using Guid(cb8771299260431409c8d277e12b19a9) Importer(815301076,1909f56bfc062723c751e8b465ee728b)  -> (artifact id: '7b3e951a94bed9eba77cfc63dbc1c466') in 0.011730 seconds 
========================================================================
Received Import Request.
  Time since last request: 0.000032 seconds.
  path: Assets/Scenes/kenney_space-shooter-redux/PNG/playerShip2_blue.png
  artifactKey: Guid(9ad3c4bf10eb4e74f9caf26b39d41821) Importer(815301076,1909f56bfc062723c751e8b465ee728b)
Start importing Assets/Scenes/kenney_space-shooter-redux/PNG/playerShip2_blue.png using Guid(9ad3c4bf10eb4e74f9caf26b39d41821) Importer(815301076,1909f56bfc062723c751e8b465ee728b)  -> (artifact id: '5ba11dfa7ed245c8efc484a3509b0620') in 0.018171 seconds 
========================================================================
Received Import Request.
  Time since last request: 0.000019 seconds.
  path: Assets/Scenes/kenney_space-shooter-redux/PNG/playerShip2_red.png
  artifactKey: Guid(d57d07b5a1efe89459cba999f1acb175) Importer(815301076,1909f56bfc062723c751e8b465ee728b)
Start importing Assets/Scenes/kenney_space-shooter-redux/PNG/playerShip2_red.png using Guid(d57d07b5a1efe89459cba999f1acb175) Importer(815301076,1909f56bfc062723c751e8b465ee728b)  -> (artifact id: 'b92aae502e956d5c3c129cdc5fe63254') in 0.019997 seconds 
========================================================================
Received Import Request.
  Time since last request: 16.523778 seconds.
  path: Assets/Scenes/kenney_space-shooter-redux/Backgrounds/darkPurple.png
  artifactKey: Guid(ac59026fbc94c79418de00d18ca95e3d) Importer(815301076,1909f56bfc062723c751e8b465ee728b)
Start importing Assets/Scenes/kenney_space-shooter-redux/Backgrounds/darkPurple.png using Guid(ac59026fbc94c79418de00d18ca95e3d) Importer(815301076,1909f56bfc062723c751e8b465ee728b)  -> (artifact id: '6456856986d4dd33bb4e45b32b802fd3') in 0.014682 seconds 
========================================================================
Received Import Request.
  Time since last request: 0.472774 seconds.
  path: Assets/Scenes/kenney_space-shooter-redux/Bonus/sfx_laser1.ogg
  artifactKey: Guid(d42ecbd3243899344b533f47ca7a8b36) Importer(815301076,1909f56bfc062723c751e8b465ee728b)
Start importing Assets/Scenes/kenney_space-shooter-redux/Bonus/sfx_laser1.ogg using Guid(d42ecbd3243899344b533f47ca7a8b36) Importer(815301076,1909f56bfc062723c751e8b465ee728b)  -> (artifact id: 'eacaeabe41b9b9f23a3f18174c8cd5b4') in 0.031971 seconds 
========================================================================
Received Import Request.
  Time since last request: 0.000019 seconds.
  path: Assets/Scenes/kenney_space-shooter-redux/Bonus/sfx_shieldUp.ogg
  artifactKey: Guid(246068eb7f37bbb47a56e7970cdac15f) Importer(815301076,1909f56bfc062723c751e8b465ee728b)
Start importing Assets/Scenes/kenney_space-shooter-redux/Bonus/sfx_shieldUp.ogg using Guid(246068eb7f37bbb47a56e7970cdac15f) Importer(815301076,1909f56bfc062723c751e8b465ee728b)  -> (artifact id: '4760bc5f55baa4e5b5fe663e40b41f7d') in 0.008255 seconds 
========================================================================
Received Import Request.
  Time since last request: 0.000029 seconds.
  path: Assets/Scenes/kenney_space-shooter-redux/Bonus/sfx_zap.ogg
  artifactKey: Guid(a3abdb756fd67194ea756f9a75feea2b) Importer(815301076,1909f56bfc062723c751e8b465ee728b)
Start importing Assets/Scenes/kenney_space-shooter-redux/Bonus/sfx_zap.ogg using Guid(a3abdb756fd67194ea756f9a75feea2b) Importer(815301076,1909f56bfc062723c751e8b465ee728b)  -> (artifact id: 'd1be2501bf873409609f3a4f78e29a3a') in 0.008033 seconds 
========================================================================
Received Import Request.
  Time since last request: 0.000110 seconds.
  path: Assets/Scenes/kenney_space-shooter-redux/Bonus/sfx_laser2.ogg
  artifactKey: Guid(52f67328c21de844c8aaba22fa49deb1) Importer(815301076,1909f56bfc062723c751e8b465ee728b)
Start importing Assets/Scenes/kenney_space-shooter-redux/Bonus/sfx_laser2.ogg using Guid(52f67328c21de844c8aaba22fa49deb1) Importer(815301076,1909f56bfc062723c751e8b465ee728b)  -> (artifact id: 'ec0ea690c4fefde59352da3cc6b772f8') in 0.006313 seconds 
========================================================================
Received Import Request.
  Time since last request: 0.000019 seconds.
  path: Assets/Scenes/kenney_space-shooter-redux/Bonus/sfx_twoTone.ogg
  artifactKey: Guid(77bf72b16fd73e646abd084b77203064) Importer(815301076,1909f56bfc062723c751e8b465ee728b)
Start importing Assets/Scenes/kenney_space-shooter-redux/Bonus/sfx_twoTone.ogg using Guid(77bf72b16fd73e646abd084b77203064) Importer(815301076,1909f56bfc062723c751e8b465ee728b)  -> (artifact id: '0c54c7a731759dfd353cd3883911f0e6') in 0.008104 seconds 
========================================================================
Received Prepare
Registering precompiled user dll's ...
Registered in 0.010399 seconds.
Begin MonoManager ReloadAssembly
Native extension for WindowsStandalone target not found
Refreshing native plugins compatible for Editor in 0.85 ms, found 4 plugins.
Preloading 0 native plugins for Editor in 0.00 ms.
Mono: successfully reloaded assembly
- Completed reload, in  1.018 seconds
Domain Reload Profiling:
	ReloadAssembly (1018ms)
		BeginReloadAssembly (152ms)
			ExecutionOrderSort (0ms)
			DisableScriptedObjects (6ms)
			BackupInstance (0ms)
			ReleaseScriptingObjects (0ms)
			CreateAndSetChildDomain (38ms)
		EndReloadAssembly (765ms)
			LoadAssemblies (111ms)
			RebuildTransferFunctionScriptingTraits (0ms)
			SetupTypeCache (257ms)
			ReleaseScriptCaches (2ms)
			RebuildScriptCaches (44ms)
			SetupLoadedEditorAssemblies (319ms)
				LogAssemblyErrors (0ms)
				InitializePlatformSupportModulesInManaged (7ms)
				SetLoadedEditorAssemblies (1ms)
				RefreshPlugins (1ms)
				BeforeProcessingInitializeOnLoad (82ms)
				ProcessInitializeOnLoadAttributes (187ms)
				ProcessInitializeOnLoadMethodAttributes (31ms)
				AfterProcessingInitializeOnLoad (10ms)
				EditorAssembliesLoaded (0ms)
			ExecutionOrderSort2 (0ms)
			AwakeInstancesAfterBackupRestoration (12ms)
Platform modules already initialized, skipping
Refreshing native plugins compatible for Editor in 2.63 ms, found 4 plugins.
Preloading 0 native plugins for Editor in 0.00 ms.
Unloading 3730 Unused Serialized files (Serialized files now loaded: 0)
Unloading 28 unused Assets / (195.8 KB). Loaded Objects now: 4215.
Memory consumption went from 146.8 MB to 146.6 MB.
Total: 3.306500 ms (FindLiveObjects: 0.502300 ms CreateObjectMapping: 0.118100 ms MarkObjects: 2.518900 ms  DeleteObjects: 0.166300 ms)

AssetImportParameters requested are different than current active one (requested -> active):
  custom:video-decoder-ogg-theora: a1e56fd34408186e4bbccfd4996cb3dc -> 
  custom:container-muxer-webm: aa71ff27fc2769a1b78a27578f13a17b -> 
  custom:container-demuxer-webm: 4f35f7cbe854078d1ac9338744f61a02 -> 
  custom:video-encoder-webm-vp8: eb34c28f22e8b96e1ab97ce403110664 -> 
  custom:audio-encoder-webm-vorbis: bf7c407c2cedff20999df2af8eb42d56 -> 
  custom:framework-win-MediaFoundation: 216162199b28c13a410421893ffa2e32 -> 
  custom:container-demuxer-ogg: 62fdf1f143b41e24485cea50d1cbac27 -> 
  custom:video-decoder-webm-vp8: 9c59270c3fd7afecdb556c50c9e8de78 -> 
  custom:audio-decoder-ogg-vorbis: bf7c407c2cedff20999df2af8eb42d56 -> 
