Using pre-set license
Built from '2021.3/staging' branch; Version is '2021.3.23f1 (213b516bf396) revision 2177873'; Using compiler version '192829333'; Build Type 'Release'
OS: 'Windows 11  (10.0.22621) 64bit Professional' Language: 'ko' Physical Memory: 16327 MB
BatchMode: 1, IsHumanControllingUs: 0, StartBugReporterOnCrash: 0, Is64bit: 1, IsPro: 1

COMMAND LINE ARGUMENTS:
C:\Program Files\Unity\Hub\Editor\2021.3.23f1\Editor\Unity.exe
-adb2
-batchMode
-noUpm
-name
AssetImportWorker1
-projectPath
D:/Unity/team2/Galaga
-logFile
Logs/AssetImportWorker1.log
-srvPort
13374
Successfully changed project path to: D:/Unity/team2/Galaga
D:/Unity/team2/Galaga
[UnityMemory] Configuration Parameters - Can be set up in boot.config
    "memorysetup-bucket-allocator-granularity=16"
    "memorysetup-bucket-allocator-bucket-count=8"
    "memorysetup-bucket-allocator-block-size=33554432"
    "memorysetup-bucket-allocator-block-count=8"
    "memorysetup-main-allocator-block-size=16777216"
    "memorysetup-thread-allocator-block-size=16777216"
    "memorysetup-gfx-main-allocator-block-size=16777216"
    "memorysetup-gfx-thread-allocator-block-size=16777216"
    "memorysetup-cache-allocator-block-size=4194304"
    "memorysetup-typetree-allocator-block-size=2097152"
    "memorysetup-profiler-bucket-allocator-granularity=16"
    "memorysetup-profiler-bucket-allocator-bucket-count=8"
    "memorysetup-profiler-bucket-allocator-block-size=33554432"
    "memorysetup-profiler-bucket-allocator-block-count=8"
    "memorysetup-profiler-allocator-block-size=16777216"
    "memorysetup-profiler-editor-allocator-block-size=1048576"
    "memorysetup-temp-allocator-size-main=16777216"
    "memorysetup-job-temp-allocator-block-size=2097152"
    "memorysetup-job-temp-allocator-block-size-background=1048576"
    "memorysetup-job-temp-allocator-reduction-small-platforms=262144"
    "memorysetup-temp-allocator-size-background-worker=32768"
    "memorysetup-temp-allocator-size-job-worker=262144"
    "memorysetup-temp-allocator-size-preload-manager=33554432"
    "memorysetup-temp-allocator-size-nav-mesh-worker=65536"
    "memorysetup-temp-allocator-size-audio-worker=65536"
    "memorysetup-temp-allocator-size-cloud-worker=32768"
    "memorysetup-temp-allocator-size-gi-baking-worker=262144"
    "memorysetup-temp-allocator-size-gfx=262144"
Player connection [29884] Host "[IP] 192.168.0.36 [Port] 0 [Flags] 2 [Guid] 664105457 [EditorId] 664105457 [Version] 1048832 [Id] WindowsEditor(7,신현진컴퓨터1) [Debug] 1 [PackageName] WindowsEditor [ProjectName] Editor" joined multi-casting on [225.0.0.222:54997]...

Player connection [29884] Host "[IP] 192.168.0.36 [Port] 0 [Flags] 2 [Guid] 664105457 [EditorId] 664105457 [Version] 1048832 [Id] WindowsEditor(7,신현진컴퓨터1) [Debug] 1 [PackageName] WindowsEditor [ProjectName] Editor" joined alternative multi-casting on [225.0.0.222:34997]...

Refreshing native plugins compatible for Editor in 77.07 ms, found 4 plugins.
Preloading 0 native plugins for Editor in 0.00 ms.
Initialize engine version: 2021.3.23f1 (213b516bf396)
[Subsystems] Discovering subsystems at path C:/Program Files/Unity/Hub/Editor/2021.3.23f1/Editor/Data/Resources/UnitySubsystems
[Subsystems] Discovering subsystems at path D:/Unity/team2/Galaga/Assets
GfxDevice: creating device client; threaded=0; jobified=0
Direct3D:
    Version:  Direct3D 11.0 [level 11.1]
    Renderer: NVIDIA GeForce RTX 3060 Ti (ID=0x2489)
    Vendor:   NVIDIA
    VRAM:     8050 MB
    Driver:   30.0.15.1165
Initialize mono
Mono path[0] = 'C:/Program Files/Unity/Hub/Editor/2021.3.23f1/Editor/Data/Managed'
Mono path[1] = 'C:/Program Files/Unity/Hub/Editor/2021.3.23f1/Editor/Data/MonoBleedingEdge/lib/mono/unityjit-win32'
Mono config path = 'C:/Program Files/Unity/Hub/Editor/2021.3.23f1/Editor/Data/MonoBleedingEdge/etc'
Using monoOptions --debugger-agent=transport=dt_socket,embedding=1,server=y,suspend=n,address=127.0.0.1:56560
Begin MonoManager ReloadAssembly
Registering precompiled unity dll's ...
Register platform support module: C:/Program Files/Unity/Hub/Editor/2021.3.23f1/Editor/Data/PlaybackEngines/WindowsStandaloneSupport/UnityEditor.WindowsStandalone.Extensions.dll
Registered in 0.011994 seconds.
Native extension for WindowsStandalone target not found
Refreshing native plugins compatible for Editor in 82.57 ms, found 4 plugins.
Preloading 0 native plugins for Editor in 0.00 ms.
Mono: successfully reloaded assembly
- Completed reload, in  0.603 seconds
Domain Reload Profiling:
	ReloadAssembly (603ms)
		BeginReloadAssembly (122ms)
			ExecutionOrderSort (0ms)
			DisableScriptedObjects (0ms)
			BackupInstance (0ms)
			ReleaseScriptingObjects (0ms)
			CreateAndSetChildDomain (1ms)
		EndReloadAssembly (375ms)
			LoadAssemblies (117ms)
			RebuildTransferFunctionScriptingTraits (0ms)
			SetupTypeCache (82ms)
			ReleaseScriptCaches (0ms)
			RebuildScriptCaches (19ms)
			SetupLoadedEditorAssemblies (227ms)
				LogAssemblyErrors (0ms)
				InitializePlatformSupportModulesInManaged (7ms)
				SetLoadedEditorAssemblies (0ms)
				RefreshPlugins (83ms)
				BeforeProcessingInitializeOnLoad (1ms)
				ProcessInitializeOnLoadAttributes (94ms)
				ProcessInitializeOnLoadMethodAttributes (42ms)
				AfterProcessingInitializeOnLoad (0ms)
				EditorAssembliesLoaded (0ms)
			ExecutionOrderSort2 (0ms)
			AwakeInstancesAfterBackupRestoration (0ms)
Platform modules already initialized, skipping
Registering precompiled user dll's ...
Registered in 0.007170 seconds.
Begin MonoManager ReloadAssembly
Symbol file LoadedFromMemory doesn't match image D:\Unity\team2\Galaga\Library\PackageCache\com.unity.visualscripting@1.8.0\Editor\VisualScripting.Core\Dependencies\YamlDotNet\Unity.VisualScripting.YamlDotNet.dll
Symbol file LoadedFromMemory doesn't match image D:\Unity\team2\Galaga\Library\PackageCache\com.unity.visualscripting@1.8.0\Editor\VisualScripting.Core\Dependencies\DotNetZip\Unity.VisualScripting.IonicZip.dll
Native extension for WindowsStandalone target not found
Refreshing native plugins compatible for Editor in 74.45 ms, found 4 plugins.
Preloading 0 native plugins for Editor in 0.00 ms.
Mono: successfully reloaded assembly
- Completed reload, in  1.077 seconds
Domain Reload Profiling:
	ReloadAssembly (1078ms)
		BeginReloadAssembly (122ms)
			ExecutionOrderSort (0ms)
			DisableScriptedObjects (4ms)
			BackupInstance (0ms)
			ReleaseScriptingObjects (0ms)
			CreateAndSetChildDomain (16ms)
		EndReloadAssembly (858ms)
			LoadAssemblies (109ms)
			RebuildTransferFunctionScriptingTraits (0ms)
			SetupTypeCache (195ms)
			ReleaseScriptCaches (1ms)
			RebuildScriptCaches (38ms)
			SetupLoadedEditorAssemblies (507ms)
				LogAssemblyErrors (0ms)
				InitializePlatformSupportModulesInManaged (5ms)
				SetLoadedEditorAssemblies (0ms)
				RefreshPlugins (75ms)
				BeforeProcessingInitializeOnLoad (85ms)
				ProcessInitializeOnLoadAttributes (302ms)
				ProcessInitializeOnLoadMethodAttributes (26ms)
				AfterProcessingInitializeOnLoad (14ms)
				EditorAssembliesLoaded (0ms)
			ExecutionOrderSort2 (0ms)
			AwakeInstancesAfterBackupRestoration (11ms)
Platform modules already initialized, skipping
========================================================================
Worker process is ready to serve import requests
Launched and connected shader compiler UnityShaderCompiler.exe after 0.06 seconds
Refreshing native plugins compatible for Editor in 1.21 ms, found 4 plugins.
Preloading 0 native plugins for Editor in 0.00 ms.
Unloading 3735 Unused Serialized files (Serialized files now loaded: 0)
Unloading 41 unused Assets / (229.4 KB). Loaded Objects now: 4188.
Memory consumption went from 147.0 MB to 146.8 MB.
Total: 3.641200 ms (FindLiveObjects: 0.280500 ms CreateObjectMapping: 0.098200 ms MarkObjects: 3.119400 ms  DeleteObjects: 0.142300 ms)

AssetImportParameters requested are different than current active one (requested -> active):
  custom:video-decoder-ogg-theora: a1e56fd34408186e4bbccfd4996cb3dc -> 
  custom:container-muxer-webm: aa71ff27fc2769a1b78a27578f13a17b -> 
  custom:container-demuxer-webm: 4f35f7cbe854078d1ac9338744f61a02 -> 
  custom:video-encoder-webm-vp8: eb34c28f22e8b96e1ab97ce403110664 -> 
  custom:audio-encoder-webm-vorbis: bf7c407c2cedff20999df2af8eb42d56 -> 
  custom:framework-win-MediaFoundation: 216162199b28c13a410421893ffa2e32 -> 
  custom:container-demuxer-ogg: 62fdf1f143b41e24485cea50d1cbac27 -> 
  custom:video-decoder-webm-vp8: 9c59270c3fd7afecdb556c50c9e8de78 -> 
  custom:audio-decoder-ogg-vorbis: bf7c407c2cedff20999df2af8eb42d56 -> 
========================================================================
Received Import Request.
  Time since last request: 557137.006175 seconds.
  path: Assets/SFS_PixelPlanets/Prefabs/Planets/Jupiter.prefab
  artifactKey: Guid(96ae3554f761fbc4e800a868f487d98d) Importer(815301076,1909f56bfc062723c751e8b465ee728b)
Start importing Assets/SFS_PixelPlanets/Prefabs/Planets/Jupiter.prefab using Guid(96ae3554f761fbc4e800a868f487d98d) Importer(815301076,1909f56bfc062723c751e8b465ee728b)  -> (artifact id: '735d2f232eb82e44f5ab66742284889f') in 0.136277 seconds 
========================================================================
Received Import Request.
  Time since last request: 0.000032 seconds.
  path: Assets/SFS_PixelPlanets/Prefabs/Planets/Uranus.prefab
  artifactKey: Guid(072c6d1b4c4b70e46b26e9980779c439) Importer(815301076,1909f56bfc062723c751e8b465ee728b)
Start importing Assets/SFS_PixelPlanets/Prefabs/Planets/Uranus.prefab using Guid(072c6d1b4c4b70e46b26e9980779c439) Importer(815301076,1909f56bfc062723c751e8b465ee728b)  -> (artifact id: 'fe2cf13853bc0896efac31826ba3e9d4') in 0.025254 seconds 
========================================================================
Received Import Request.
  Time since last request: 0.000024 seconds.
  path: Assets/SFS_PixelPlanets/Prefabs/Planets/Moon.prefab
  artifactKey: Guid(1abcc5c9c41661c4eb813acb7846cb3b) Importer(815301076,1909f56bfc062723c751e8b465ee728b)
Start importing Assets/SFS_PixelPlanets/Prefabs/Planets/Moon.prefab using Guid(1abcc5c9c41661c4eb813acb7846cb3b) Importer(815301076,1909f56bfc062723c751e8b465ee728b)  -> (artifact id: '78d50105dbb65a86d27514f34f6ddc26') in 0.025854 seconds 
========================================================================
Received Import Request.
  Time since last request: 3.415632 seconds.
  path: Assets/SFS_PixelPlanets/Prefabs/Asteroids/Asteroid_Big_2.prefab
  artifactKey: Guid(e6caa1c7fbd87d346a5da92a12ed5763) Importer(815301076,1909f56bfc062723c751e8b465ee728b)
Start importing Assets/SFS_PixelPlanets/Prefabs/Asteroids/Asteroid_Big_2.prefab using Guid(e6caa1c7fbd87d346a5da92a12ed5763) Importer(815301076,1909f56bfc062723c751e8b465ee728b)  -> (artifact id: '1f208e9477b0e34035793ba338eb7dc3') in 0.016687 seconds 
========================================================================
Received Import Request.
  Time since last request: 0.000020 seconds.
  path: Assets/SFS_PixelPlanets/Prefabs/Asteroids/Asteroid_Small_4.prefab
  artifactKey: Guid(058e42be9dc3b9d4bbb078a36900f9e1) Importer(815301076,1909f56bfc062723c751e8b465ee728b)
Start importing Assets/SFS_PixelPlanets/Prefabs/Asteroids/Asteroid_Small_4.prefab using Guid(058e42be9dc3b9d4bbb078a36900f9e1) Importer(815301076,1909f56bfc062723c751e8b465ee728b)  -> (artifact id: '3fad8f8b1db1d1fe899ef3e833aab6e9') in 0.015595 seconds 
========================================================================
Received Import Request.
  Time since last request: 0.000032 seconds.
  path: Assets/SFS_PixelPlanets/Prefabs/Asteroids/Asteroid_Medium_1.prefab
  artifactKey: Guid(237eb778ff7e18a4f90e3299f535f13c) Importer(815301076,1909f56bfc062723c751e8b465ee728b)
Start importing Assets/SFS_PixelPlanets/Prefabs/Asteroids/Asteroid_Medium_1.prefab using Guid(237eb778ff7e18a4f90e3299f535f13c) Importer(815301076,1909f56bfc062723c751e8b465ee728b)  -> (artifact id: '381a95100e5c1ec95ae6bd867b984e2a') in 0.015136 seconds 
========================================================================
Received Import Request.
  Time since last request: 0.000018 seconds.
  path: Assets/SFS_PixelPlanets/Prefabs/Asteroids/Asteroid_Medium_5.prefab
  artifactKey: Guid(446d4b36c4d671d48a52292dad935936) Importer(815301076,1909f56bfc062723c751e8b465ee728b)
Start importing Assets/SFS_PixelPlanets/Prefabs/Asteroids/Asteroid_Medium_5.prefab using Guid(446d4b36c4d671d48a52292dad935936) Importer(815301076,1909f56bfc062723c751e8b465ee728b)  -> (artifact id: 'f34b4fee41405dfefed09d104d67d09c') in 0.016487 seconds 
========================================================================
Received Import Request.
  Time since last request: 0.000016 seconds.
  path: Assets/SFS_PixelPlanets/Prefabs/Asteroids/Asteroid_Big_3.prefab
  artifactKey: Guid(dd07434b5a747f444ae1a2e99ed6d77c) Importer(815301076,1909f56bfc062723c751e8b465ee728b)
Start importing Assets/SFS_PixelPlanets/Prefabs/Asteroids/Asteroid_Big_3.prefab using Guid(dd07434b5a747f444ae1a2e99ed6d77c) Importer(815301076,1909f56bfc062723c751e8b465ee728b)  -> (artifact id: '70acb70ed30b12bc9f1fbc7265e4b12f') in 0.017052 seconds 
========================================================================
Received Import Request.
  Time since last request: 0.000014 seconds.
  path: Assets/SFS_PixelPlanets/Prefabs/Asteroids/Asteroid_Small_1.prefab
  artifactKey: Guid(880f7f276fd32ad43b0612ef70ec8ecf) Importer(815301076,1909f56bfc062723c751e8b465ee728b)
Start importing Assets/SFS_PixelPlanets/Prefabs/Asteroids/Asteroid_Small_1.prefab using Guid(880f7f276fd32ad43b0612ef70ec8ecf) Importer(815301076,1909f56bfc062723c751e8b465ee728b)  -> (artifact id: 'd82f40cf6c8a3129dc0eaa459f9f8660') in 0.014702 seconds 
========================================================================
Received Import Request.
  Time since last request: 0.000022 seconds.
  path: Assets/SFS_PixelPlanets/Prefabs/Asteroids/Asteroid_Medium_4.prefab
  artifactKey: Guid(131461b7fa7e1c346b084c891867a3a5) Importer(815301076,1909f56bfc062723c751e8b465ee728b)
Start importing Assets/SFS_PixelPlanets/Prefabs/Asteroids/Asteroid_Medium_4.prefab using Guid(131461b7fa7e1c346b084c891867a3a5) Importer(815301076,1909f56bfc062723c751e8b465ee728b)  -> (artifact id: 'ee30d41fcd64563736c5df3142b0d1ca') in 0.014417 seconds 
========================================================================
Received Import Request.
  Time since last request: 0.000017 seconds.
  path: Assets/SFS_PixelPlanets/Prefabs/Asteroids/Asteroid_Big_4.prefab
  artifactKey: Guid(b23a78eb7cfa06e45a2649bdaa16fc66) Importer(815301076,1909f56bfc062723c751e8b465ee728b)
Start importing Assets/SFS_PixelPlanets/Prefabs/Asteroids/Asteroid_Big_4.prefab using Guid(b23a78eb7cfa06e45a2649bdaa16fc66) Importer(815301076,1909f56bfc062723c751e8b465ee728b)  -> (artifact id: 'cd2540be41cf495814fbc3f3b6758b5a') in 0.016092 seconds 
========================================================================
Received Import Request.
  Time since last request: 6.766396 seconds.
  path: Assets/SFS_PixelPlanets/Prefabs/Asteroids/Shaded/Asteroid_Shaded_Big_2.prefab
  artifactKey: Guid(db11f5e7cdd776d4596dbb28d58092ac) Importer(815301076,1909f56bfc062723c751e8b465ee728b)
Start importing Assets/SFS_PixelPlanets/Prefabs/Asteroids/Shaded/Asteroid_Shaded_Big_2.prefab using Guid(db11f5e7cdd776d4596dbb28d58092ac) Importer(815301076,1909f56bfc062723c751e8b465ee728b)  -> (artifact id: '67ebee6b5c7313562e740fec136a5be1') in 0.015163 seconds 
========================================================================
Received Import Request.
  Time since last request: 0.000020 seconds.
  path: Assets/SFS_PixelPlanets/Prefabs/Asteroids/Shaded/Asteroid_Shaded_Small_5.prefab
  artifactKey: Guid(f65dfd38eecfc0a4f818ac2827770869) Importer(815301076,1909f56bfc062723c751e8b465ee728b)
Start importing Assets/SFS_PixelPlanets/Prefabs/Asteroids/Shaded/Asteroid_Shaded_Small_5.prefab using Guid(f65dfd38eecfc0a4f818ac2827770869) Importer(815301076,1909f56bfc062723c751e8b465ee728b)  -> (artifact id: 'f4e00870084d4f1f06e60ea86dd28919') in 0.016883 seconds 
========================================================================
Received Import Request.
  Time since last request: 0.000031 seconds.
  path: Assets/SFS_PixelPlanets/Prefabs/Asteroids/Shaded/Asteroid_Shaded_Small_1.prefab
  artifactKey: Guid(ce62ecd7c29c0b346a95e828eab012ee) Importer(815301076,1909f56bfc062723c751e8b465ee728b)
Start importing Assets/SFS_PixelPlanets/Prefabs/Asteroids/Shaded/Asteroid_Shaded_Small_1.prefab using Guid(ce62ecd7c29c0b346a95e828eab012ee) Importer(815301076,1909f56bfc062723c751e8b465ee728b)  -> (artifact id: 'fbb132edfe7d0144034cab059416cd2b') in 0.016195 seconds 
========================================================================
Received Import Request.
  Time since last request: 0.000017 seconds.
  path: Assets/SFS_PixelPlanets/Prefabs/Asteroids/Shaded/Asteroid_Shaded_Small_4.prefab
  artifactKey: Guid(a70079d45f7d0d843ab36f9615d3b951) Importer(815301076,1909f56bfc062723c751e8b465ee728b)
Start importing Assets/SFS_PixelPlanets/Prefabs/Asteroids/Shaded/Asteroid_Shaded_Small_4.prefab using Guid(a70079d45f7d0d843ab36f9615d3b951) Importer(815301076,1909f56bfc062723c751e8b465ee728b)  -> (artifact id: '1e0533abfa06c2161a5dd55bfe8b17ce') in 0.015296 seconds 
========================================================================
Received Import Request.
  Time since last request: 0.000024 seconds.
  path: Assets/SFS_PixelPlanets/Prefabs/Asteroids/Shaded/Asteroid_Shaded_Medium_4.prefab
  artifactKey: Guid(75709b36e9d2c5342a0976546e2d28ca) Importer(815301076,1909f56bfc062723c751e8b465ee728b)
Start importing Assets/SFS_PixelPlanets/Prefabs/Asteroids/Shaded/Asteroid_Shaded_Medium_4.prefab using Guid(75709b36e9d2c5342a0976546e2d28ca) Importer(815301076,1909f56bfc062723c751e8b465ee728b)  -> (artifact id: 'fe1d98ead7f587e2f79399818e77fadb') in 0.015140 seconds 
========================================================================
Received Import Request.
  Time since last request: 0.000019 seconds.
  path: Assets/SFS_PixelPlanets/Prefabs/Asteroids/Shaded/Asteroid_Shaded_Small_2.prefab
  artifactKey: Guid(adafaef8ef213b74b90b8069fec0fffa) Importer(815301076,1909f56bfc062723c751e8b465ee728b)
Start importing Assets/SFS_PixelPlanets/Prefabs/Asteroids/Shaded/Asteroid_Shaded_Small_2.prefab using Guid(adafaef8ef213b74b90b8069fec0fffa) Importer(815301076,1909f56bfc062723c751e8b465ee728b)  -> (artifact id: '465375cc999dadcaa7c0c7e6e869ced3') in 0.015016 seconds 
========================================================================
Received Prepare
Registering precompiled user dll's ...
Registered in 0.008857 seconds.
Begin MonoManager ReloadAssembly
Symbol file LoadedFromMemory doesn't match image D:\Unity\team2\Galaga\Library\PackageCache\com.unity.visualscripting@1.8.0\Editor\VisualScripting.Core\Dependencies\YamlDotNet\Unity.VisualScripting.YamlDotNet.dll
Symbol file LoadedFromMemory doesn't match image D:\Unity\team2\Galaga\Library\PackageCache\com.unity.visualscripting@1.8.0\Editor\VisualScripting.Core\Dependencies\DotNetZip\Unity.VisualScripting.IonicZip.dll
Native extension for WindowsStandalone target not found
Refreshing native plugins compatible for Editor in 1.27 ms, found 4 plugins.
Preloading 0 native plugins for Editor in 0.00 ms.
Mono: successfully reloaded assembly
- Completed reload, in  1.251 seconds
Domain Reload Profiling:
	ReloadAssembly (1252ms)
		BeginReloadAssembly (191ms)
			ExecutionOrderSort (0ms)
			DisableScriptedObjects (7ms)
			BackupInstance (0ms)
			ReleaseScriptingObjects (0ms)
			CreateAndSetChildDomain (39ms)
		EndReloadAssembly (921ms)
			LoadAssemblies (152ms)
			RebuildTransferFunctionScriptingTraits (0ms)
			SetupTypeCache (227ms)
			ReleaseScriptCaches (2ms)
			RebuildScriptCaches (52ms)
			SetupLoadedEditorAssemblies (490ms)
				LogAssemblyErrors (0ms)
				InitializePlatformSupportModulesInManaged (11ms)
				SetLoadedEditorAssemblies (1ms)
				RefreshPlugins (1ms)
				BeforeProcessingInitializeOnLoad (83ms)
				ProcessInitializeOnLoadAttributes (340ms)
				ProcessInitializeOnLoadMethodAttributes (35ms)
				AfterProcessingInitializeOnLoad (19ms)
				EditorAssembliesLoaded (0ms)
			ExecutionOrderSort2 (0ms)
			AwakeInstancesAfterBackupRestoration (15ms)
Platform modules already initialized, skipping
Refreshing native plugins compatible for Editor in 9.52 ms, found 4 plugins.
Preloading 0 native plugins for Editor in 0.00 ms.
Unloading 3730 Unused Serialized files (Serialized files now loaded: 0)
Unloading 28 unused Assets / (196.0 KB). Loaded Objects now: 4199.
Memory consumption went from 151.0 MB to 150.8 MB.
Total: 8.569100 ms (FindLiveObjects: 1.211600 ms CreateObjectMapping: 2.439100 ms MarkObjects: 4.570300 ms  DeleteObjects: 0.346500 ms)

AssetImportParameters requested are different than current active one (requested -> active):
  custom:video-decoder-ogg-theora: a1e56fd34408186e4bbccfd4996cb3dc -> 
  custom:container-muxer-webm: aa71ff27fc2769a1b78a27578f13a17b -> 
  custom:container-demuxer-webm: 4f35f7cbe854078d1ac9338744f61a02 -> 
  custom:video-encoder-webm-vp8: eb34c28f22e8b96e1ab97ce403110664 -> 
  custom:audio-encoder-webm-vorbis: bf7c407c2cedff20999df2af8eb42d56 -> 
  custom:framework-win-MediaFoundation: 216162199b28c13a410421893ffa2e32 -> 
  custom:container-demuxer-ogg: 62fdf1f143b41e24485cea50d1cbac27 -> 
  custom:video-decoder-webm-vp8: 9c59270c3fd7afecdb556c50c9e8de78 -> 
  custom:audio-decoder-ogg-vorbis: bf7c407c2cedff20999df2af8eb42d56 -> 
Editor requested this worker to shutdown with reason: Scaling down because of idle timeout
AssetImportWorker is now disconnected from the server
Process exiting
Exiting without the bug reporter. Application will terminate with return code 0